#! /c/Source/iverilog-install/bin/vvp
:ivl_version "12.0 (devel)" "(s20150603-1110-g18392a46)";
:ivl_delay_selection "TYPICAL";
:vpi_time_precision + 0;
:vpi_module "C:\iverilog\lib\ivl\system.vpi";
:vpi_module "C:\iverilog\lib\ivl\vhdl_sys.vpi";
:vpi_module "C:\iverilog\lib\ivl\vhdl_textio.vpi";
:vpi_module "C:\iverilog\lib\ivl\v2005_math.vpi";
:vpi_module "C:\iverilog\lib\ivl\va_math.vpi";
S_00000230dd661fd0 .scope module, "testbench" "testbench" 2 113;
 .timescale 0 0;
v00000230dd6d47b0_0 .net "carry", 0 0, L_00000230dd655470;  1 drivers
v00000230dd6d4e90_0 .var "dataA", 15 0;
v00000230dd6d5930_0 .var "dataB", 15 0;
v00000230dd6d5b10_0 .net "err", 0 0, L_00000230dd6da810;  1 drivers
v00000230dd6d5390_0 .var "mode", 0 0;
v00000230dd6d4b70_0 .net "result", 31 0, L_00000230dd6d2190;  1 drivers
S_00000230dd609ab0 .scope module, "addsub" "AddSub" 2 128, 2 50 0, S_00000230dd661fd0;
 .timescale 0 0;
    .port_info 0 /INPUT 16 "inputA";
    .port_info 1 /INPUT 16 "inputB";
    .port_info 2 /INPUT 1 "mode";
    .port_info 3 /OUTPUT 32 "sum";
    .port_info 4 /OUTPUT 1 "carry";
    .port_info 5 /OUTPUT 1 "overflow";
L_00000230dd655da0 .functor BUFZ 1, v00000230dd6d5390_0, C4<0>, C4<0>, C4<0>;
L_00000230dd655860 .functor XOR 1, L_00000230dd6d4a30, v00000230dd6d5390_0, C4<0>, C4<0>;
L_00000230dd655b00 .functor XOR 1, L_00000230dd6d5c50, v00000230dd6d5390_0, C4<0>, C4<0>;
L_00000230dd655b70 .functor XOR 1, L_00000230dd6d5cf0, v00000230dd6d5390_0, C4<0>, C4<0>;
L_00000230dd6558d0 .functor XOR 1, L_00000230dd6d5430, v00000230dd6d5390_0, C4<0>, C4<0>;
L_00000230dd655630 .functor XOR 1, L_00000230dd6d51b0, v00000230dd6d5390_0, C4<0>, C4<0>;
L_00000230dd6554e0 .functor XOR 1, L_00000230dd6d5bb0, v00000230dd6d5390_0, C4<0>, C4<0>;
L_00000230dd655be0 .functor XOR 1, L_00000230dd6d5750, v00000230dd6d5390_0, C4<0>, C4<0>;
L_00000230dd655e10 .functor XOR 1, L_00000230dd6d4d50, v00000230dd6d5390_0, C4<0>, C4<0>;
L_00000230dd6559b0 .functor XOR 1, L_00000230dd6d4850, v00000230dd6d5390_0, C4<0>, C4<0>;
L_00000230dd655c50 .functor XOR 1, L_00000230dd6d4df0, v00000230dd6d5390_0, C4<0>, C4<0>;
L_00000230dd655e80 .functor XOR 1, L_00000230dd6d5250, v00000230dd6d5390_0, C4<0>, C4<0>;
L_00000230dd6551d0 .functor XOR 1, L_00000230dd6d54d0, v00000230dd6d5390_0, C4<0>, C4<0>;
L_00000230dd655f60 .functor XOR 1, L_00000230dd6d4fd0, v00000230dd6d5390_0, C4<0>, C4<0>;
L_00000230dd6552b0 .functor XOR 1, L_00000230dd6d4cb0, v00000230dd6d5390_0, C4<0>, C4<0>;
L_00000230dd6555c0 .functor XOR 1, L_00000230dd6d4ad0, v00000230dd6d5390_0, C4<0>, C4<0>;
L_00000230dd655390 .functor XOR 1, L_00000230dd6d4c10, v00000230dd6d5390_0, C4<0>, C4<0>;
L_00000230dd655470 .functor BUFZ 1, v00000230dd6c4430_0, C4<0>, C4<0>, C4<0>;
L_00000230dd6da810 .functor XOR 1, v00000230dd6c4430_0, v00000230dd6acdc0_0, C4<0>, C4<0>;
v00000230dd6cc290_0 .net *"_ivl_11", 0 0, L_00000230dd6d5cf0;  1 drivers
o00000230dd667518 .functor BUFZ 16, C4<zzzzzzzzzzzzzzzz>; HiZ drive
; Elide local net with no drivers, v00000230dd6cc830_0 name=_ivl_136
v00000230dd6ccab0_0 .net *"_ivl_15", 0 0, L_00000230dd6d5430;  1 drivers
v00000230dd6ccb50_0 .net *"_ivl_19", 0 0, L_00000230dd6d51b0;  1 drivers
v00000230dd6cff90_0 .net *"_ivl_23", 0 0, L_00000230dd6d5bb0;  1 drivers
v00000230dd6d1250_0 .net *"_ivl_27", 0 0, L_00000230dd6d5750;  1 drivers
v00000230dd6d0490_0 .net *"_ivl_3", 0 0, L_00000230dd6d4a30;  1 drivers
v00000230dd6d0ad0_0 .net *"_ivl_31", 0 0, L_00000230dd6d4d50;  1 drivers
v00000230dd6d11b0_0 .net *"_ivl_35", 0 0, L_00000230dd6d4850;  1 drivers
v00000230dd6d0e90_0 .net *"_ivl_39", 0 0, L_00000230dd6d4df0;  1 drivers
v00000230dd6d0c10_0 .net *"_ivl_43", 0 0, L_00000230dd6d5250;  1 drivers
v00000230dd6d0f30_0 .net *"_ivl_47", 0 0, L_00000230dd6d54d0;  1 drivers
v00000230dd6d00d0_0 .net *"_ivl_51", 0 0, L_00000230dd6d4fd0;  1 drivers
v00000230dd6d1430_0 .net *"_ivl_55", 0 0, L_00000230dd6d4cb0;  1 drivers
v00000230dd6d1a70_0 .net *"_ivl_59", 0 0, L_00000230dd6d4ad0;  1 drivers
v00000230dd6d1bb0_0 .net *"_ivl_63", 0 0, L_00000230dd6d4c10;  1 drivers
v00000230dd6d14d0_0 .net *"_ivl_7", 0 0, L_00000230dd6d5c50;  1 drivers
v00000230dd6d1570_0 .net "b0", 0 0, L_00000230dd655860;  1 drivers
v00000230dd6d0990_0 .net "b1", 0 0, L_00000230dd655b00;  1 drivers
v00000230dd6d0d50_0 .net "b10", 0 0, L_00000230dd655e80;  1 drivers
v00000230dd6d1390_0 .net "b11", 0 0, L_00000230dd6551d0;  1 drivers
v00000230dd6d1610_0 .net "b12", 0 0, L_00000230dd655f60;  1 drivers
v00000230dd6d1b10_0 .net "b13", 0 0, L_00000230dd6552b0;  1 drivers
v00000230dd6d0030_0 .net "b14", 0 0, L_00000230dd6555c0;  1 drivers
v00000230dd6d0b70_0 .net "b15", 0 0, L_00000230dd655390;  1 drivers
v00000230dd6d12f0_0 .net "b2", 0 0, L_00000230dd655b70;  1 drivers
v00000230dd6d19d0_0 .net "b3", 0 0, L_00000230dd6558d0;  1 drivers
v00000230dd6d16b0_0 .net "b4", 0 0, L_00000230dd655630;  1 drivers
v00000230dd6d1750_0 .net "b5", 0 0, L_00000230dd6554e0;  1 drivers
v00000230dd6d0530_0 .net "b6", 0 0, L_00000230dd655be0;  1 drivers
v00000230dd6d0fd0_0 .net "b7", 0 0, L_00000230dd655e10;  1 drivers
v00000230dd6d03f0_0 .net "b8", 0 0, L_00000230dd6559b0;  1 drivers
v00000230dd6d17f0_0 .net "b9", 0 0, L_00000230dd655c50;  1 drivers
v00000230dd6d0df0_0 .net "c0", 0 0, L_00000230dd655da0;  1 drivers
v00000230dd6d0a30_0 .net "c1", 0 0, v00000230dd64d3d0_0;  1 drivers
v00000230dd6d1890_0 .net "c10", 0 0, v00000230dd6cc330_0;  1 drivers
v00000230dd6d1070_0 .net "c11", 0 0, v00000230dd6c0740_0;  1 drivers
v00000230dd6d1930_0 .net "c12", 0 0, v00000230dd6c1960_0;  1 drivers
v00000230dd6d1c50_0 .net "c13", 0 0, v00000230dd6ac500_0;  1 drivers
v00000230dd6d1cf0_0 .net "c14", 0 0, v00000230dd6abd80_0;  1 drivers
v00000230dd6d0170_0 .net "c15", 0 0, v00000230dd6acdc0_0;  1 drivers
v00000230dd6d0210_0 .net "c16", 0 0, v00000230dd6c4430_0;  1 drivers
v00000230dd6d02b0_0 .net "c2", 0 0, v00000230dd6c09c0_0;  1 drivers
v00000230dd6d0cb0_0 .net "c3", 0 0, v00000230dd6c49d0_0;  1 drivers
v00000230dd6d1d90_0 .net "c4", 0 0, v00000230dd6c4ed0_0;  1 drivers
v00000230dd6d0710_0 .net "c5", 0 0, v00000230dd6cafa0_0;  1 drivers
v00000230dd6d1e30_0 .net "c6", 0 0, v00000230dd6cb360_0;  1 drivers
v00000230dd6d0350_0 .net "c7", 0 0, v00000230dd6cbb80_0;  1 drivers
v00000230dd6d05d0_0 .net "c8", 0 0, v00000230dd6cd230_0;  1 drivers
v00000230dd6d1110_0 .net "c9", 0 0, v00000230dd6cd870_0;  1 drivers
v00000230dd6d0670_0 .net "carry", 0 0, L_00000230dd655470;  alias, 1 drivers
v00000230dd6d07b0_0 .net "inputA", 15 0, v00000230dd6d4e90_0;  1 drivers
v00000230dd6d0850_0 .net "inputB", 15 0, v00000230dd6d5930_0;  1 drivers
v00000230dd6d08f0_0 .net "mode", 0 0, v00000230dd6d5390_0;  1 drivers
v00000230dd6d52f0_0 .net "overflow", 0 0, L_00000230dd6da810;  alias, 1 drivers
v00000230dd6d5890_0 .net "sum", 31 0, L_00000230dd6d2190;  alias, 1 drivers
L_00000230dd6d4a30 .part v00000230dd6d5930_0, 0, 1;
L_00000230dd6d5c50 .part v00000230dd6d5930_0, 1, 1;
L_00000230dd6d5cf0 .part v00000230dd6d5930_0, 2, 1;
L_00000230dd6d5430 .part v00000230dd6d5930_0, 3, 1;
L_00000230dd6d51b0 .part v00000230dd6d5930_0, 4, 1;
L_00000230dd6d5bb0 .part v00000230dd6d5930_0, 5, 1;
L_00000230dd6d5750 .part v00000230dd6d5930_0, 6, 1;
L_00000230dd6d4d50 .part v00000230dd6d5930_0, 7, 1;
L_00000230dd6d4850 .part v00000230dd6d5930_0, 8, 1;
L_00000230dd6d4df0 .part v00000230dd6d5930_0, 9, 1;
L_00000230dd6d5250 .part v00000230dd6d5930_0, 10, 1;
L_00000230dd6d54d0 .part v00000230dd6d5930_0, 11, 1;
L_00000230dd6d4fd0 .part v00000230dd6d5930_0, 12, 1;
L_00000230dd6d4cb0 .part v00000230dd6d5930_0, 13, 1;
L_00000230dd6d4ad0 .part v00000230dd6d5930_0, 14, 1;
L_00000230dd6d4c10 .part v00000230dd6d5930_0, 15, 1;
L_00000230dd6d5110 .part v00000230dd6d4e90_0, 0, 1;
L_00000230dd6d4f30 .part v00000230dd6d4e90_0, 1, 1;
L_00000230dd6d5d90 .part v00000230dd6d4e90_0, 2, 1;
L_00000230dd6d5570 .part v00000230dd6d4e90_0, 3, 1;
L_00000230dd6d5070 .part v00000230dd6d4e90_0, 4, 1;
L_00000230dd6d59d0 .part v00000230dd6d4e90_0, 5, 1;
L_00000230dd6d5e30 .part v00000230dd6d4e90_0, 6, 1;
L_00000230dd6d57f0 .part v00000230dd6d4e90_0, 7, 1;
L_00000230dd6d5610 .part v00000230dd6d4e90_0, 8, 1;
L_00000230dd6d56b0 .part v00000230dd6d4e90_0, 9, 1;
L_00000230dd6d5a70 .part v00000230dd6d4e90_0, 10, 1;
L_00000230dd6d48f0 .part v00000230dd6d4e90_0, 11, 1;
L_00000230dd6d4990 .part v00000230dd6d4e90_0, 12, 1;
L_00000230dd6d2230 .part v00000230dd6d4e90_0, 13, 1;
L_00000230dd6d3d10 .part v00000230dd6d4e90_0, 14, 1;
L_00000230dd6d2cd0 .part v00000230dd6d4e90_0, 15, 1;
LS_00000230dd6d2190_0_0 .concat [ 1 1 1 1], v00000230dd64e050_0, v00000230dd6c06a0_0, v00000230dd6c5150_0, v00000230dd6c58d0_0;
LS_00000230dd6d2190_0_4 .concat [ 1 1 1 1], v00000230dd6cb7c0_0, v00000230dd6cad20_0, v00000230dd6ca960_0, v00000230dd6cc510_0;
LS_00000230dd6d2190_0_8 .concat [ 1 1 1 1], v00000230dd6cd370_0, v00000230dd6cc790_0, v00000230dd6c0240_0, v00000230dd6c1b40_0;
LS_00000230dd6d2190_0_12 .concat [ 1 1 1 1], v00000230dd6acb40_0, v00000230dd6acbe0_0, v00000230dd6ab880_0, v00000230dd6c4cf0_0;
LS_00000230dd6d2190_0_16 .concat [ 16 0 0 0], o00000230dd667518;
LS_00000230dd6d2190_1_0 .concat [ 4 4 4 4], LS_00000230dd6d2190_0_0, LS_00000230dd6d2190_0_4, LS_00000230dd6d2190_0_8, LS_00000230dd6d2190_0_12;
LS_00000230dd6d2190_1_4 .concat [ 16 0 0 0], LS_00000230dd6d2190_0_16;
L_00000230dd6d2190 .concat [ 16 16 0 0], LS_00000230dd6d2190_1_0, LS_00000230dd6d2190_1_4;
S_00000230dd5f5db0 .scope module, "FA0" "FullAdder" 2 84, 2 23 0, S_00000230dd609ab0;
 .timescale 0 0;
    .port_info 0 /INPUT 1 "A";
    .port_info 1 /INPUT 1 "B";
    .port_info 2 /INPUT 1 "C";
    .port_info 3 /OUTPUT 1 "carry";
    .port_info 4 /OUTPUT 1 "sum";
v00000230dd64e370_0 .net "A", 0 0, L_00000230dd6d5110;  1 drivers
v00000230dd64e690_0 .net "B", 0 0, L_00000230dd655860;  alias, 1 drivers
v00000230dd64d8d0_0 .net "C", 0 0, L_00000230dd655da0;  alias, 1 drivers
v00000230dd64db50_0 .net "c0", 0 0, v00000230dd64d830_0;  1 drivers
v00000230dd64c9d0_0 .net "c1", 0 0, v00000230dd64df10_0;  1 drivers
v00000230dd64d3d0_0 .var "carry", 0 0;
v00000230dd64d970_0 .net "s0", 0 0, v00000230dd64e410_0;  1 drivers
v00000230dd64da10_0 .net "s1", 0 0, v00000230dd64d010_0;  1 drivers
v00000230dd64e050_0 .var "sum", 0 0;
E_00000230dd65eb80/0 .event anyedge, v00000230dd64d010_0, v00000230dd64d650_0, v00000230dd64ccf0_0, v00000230dd64e2d0_0;
E_00000230dd65eb80/1 .event anyedge, v00000230dd64df10_0, v00000230dd64d830_0;
E_00000230dd65eb80 .event/or E_00000230dd65eb80/0, E_00000230dd65eb80/1;
S_00000230dd5f5f40 .scope module, "ha1" "HalfAdder" 2 37, 2 4 0, S_00000230dd5f5db0;
 .timescale 0 0;
    .port_info 0 /INPUT 1 "A";
    .port_info 1 /INPUT 1 "B";
    .port_info 2 /OUTPUT 1 "carry";
    .port_info 3 /OUTPUT 1 "sum";
v00000230dd64d650_0 .net "A", 0 0, L_00000230dd6d5110;  alias, 1 drivers
v00000230dd64ccf0_0 .net "B", 0 0, L_00000230dd655860;  alias, 1 drivers
v00000230dd64d830_0 .var "carry", 0 0;
v00000230dd64e410_0 .var "sum", 0 0;
E_00000230dd65e5c0 .event anyedge, v00000230dd64d650_0, v00000230dd64ccf0_0;
S_00000230dd5f60d0 .scope module, "ha2" "HalfAdder" 2 38, 2 4 0, S_00000230dd5f5db0;
 .timescale 0 0;
    .port_info 0 /INPUT 1 "A";
    .port_info 1 /INPUT 1 "B";
    .port_info 2 /OUTPUT 1 "carry";
    .port_info 3 /OUTPUT 1 "sum";
v00000230dd64cd90_0 .net "A", 0 0, v00000230dd64e410_0;  alias, 1 drivers
v00000230dd64e2d0_0 .net "B", 0 0, L_00000230dd655da0;  alias, 1 drivers
v00000230dd64df10_0 .var "carry", 0 0;
v00000230dd64d010_0 .var "sum", 0 0;
E_00000230dd65e7c0 .event anyedge, v00000230dd64e410_0, v00000230dd64e2d0_0;
S_00000230dd5c2ce0 .scope module, "FA1" "FullAdder" 2 85, 2 23 0, S_00000230dd609ab0;
 .timescale 0 0;
    .port_info 0 /INPUT 1 "A";
    .port_info 1 /INPUT 1 "B";
    .port_info 2 /INPUT 1 "C";
    .port_info 3 /OUTPUT 1 "carry";
    .port_info 4 /OUTPUT 1 "sum";
v00000230dd6369e0_0 .net "A", 0 0, L_00000230dd6d4f30;  1 drivers
v00000230dd6c1640_0 .net "B", 0 0, L_00000230dd655b00;  alias, 1 drivers
v00000230dd6c11e0_0 .net "C", 0 0, v00000230dd64d3d0_0;  alias, 1 drivers
v00000230dd6c1fa0_0 .net "c0", 0 0, v00000230dd636580_0;  1 drivers
v00000230dd6c16e0_0 .net "c1", 0 0, v00000230dd635cc0_0;  1 drivers
v00000230dd6c09c0_0 .var "carry", 0 0;
v00000230dd6c1be0_0 .net "s0", 0 0, v00000230dd636ee0_0;  1 drivers
v00000230dd6c0100_0 .net "s1", 0 0, v00000230dd6368a0_0;  1 drivers
v00000230dd6c06a0_0 .var "sum", 0 0;
E_00000230dd65e080/0 .event anyedge, v00000230dd6368a0_0, v00000230dd64e0f0_0, v00000230dd6364e0_0, v00000230dd64d3d0_0;
E_00000230dd65e080/1 .event anyedge, v00000230dd635cc0_0, v00000230dd636580_0;
E_00000230dd65e080 .event/or E_00000230dd65e080/0, E_00000230dd65e080/1;
S_00000230dd5c2e70 .scope module, "ha1" "HalfAdder" 2 37, 2 4 0, S_00000230dd5c2ce0;
 .timescale 0 0;
    .port_info 0 /INPUT 1 "A";
    .port_info 1 /INPUT 1 "B";
    .port_info 2 /OUTPUT 1 "carry";
    .port_info 3 /OUTPUT 1 "sum";
v00000230dd64e0f0_0 .net "A", 0 0, L_00000230dd6d4f30;  alias, 1 drivers
v00000230dd6364e0_0 .net "B", 0 0, L_00000230dd655b00;  alias, 1 drivers
v00000230dd636580_0 .var "carry", 0 0;
v00000230dd636ee0_0 .var "sum", 0 0;
E_00000230dd65ec00 .event anyedge, v00000230dd64e0f0_0, v00000230dd6364e0_0;
S_00000230dd5c3000 .scope module, "ha2" "HalfAdder" 2 38, 2 4 0, S_00000230dd5c2ce0;
 .timescale 0 0;
    .port_info 0 /INPUT 1 "A";
    .port_info 1 /INPUT 1 "B";
    .port_info 2 /OUTPUT 1 "carry";
    .port_info 3 /OUTPUT 1 "sum";
v00000230dd635400_0 .net "A", 0 0, v00000230dd636ee0_0;  alias, 1 drivers
v00000230dd635680_0 .net "B", 0 0, v00000230dd64d3d0_0;  alias, 1 drivers
v00000230dd635cc0_0 .var "carry", 0 0;
v00000230dd6368a0_0 .var "sum", 0 0;
E_00000230dd65e780 .event anyedge, v00000230dd636ee0_0, v00000230dd64d3d0_0;
S_00000230dd6c20c0 .scope module, "FA10" "FullAdder" 2 94, 2 23 0, S_00000230dd609ab0;
 .timescale 0 0;
    .port_info 0 /INPUT 1 "A";
    .port_info 1 /INPUT 1 "B";
    .port_info 2 /INPUT 1 "C";
    .port_info 3 /OUTPUT 1 "carry";
    .port_info 4 /OUTPUT 1 "sum";
v00000230dd6c0420_0 .net "A", 0 0, L_00000230dd6d5a70;  1 drivers
v00000230dd6c01a0_0 .net "B", 0 0, L_00000230dd655e80;  alias, 1 drivers
v00000230dd6c0e20_0 .net "C", 0 0, v00000230dd6cc330_0;  alias, 1 drivers
v00000230dd6c04c0_0 .net "c0", 0 0, v00000230dd6c1e60_0;  1 drivers
v00000230dd6c1f00_0 .net "c1", 0 0, v00000230dd6c0a60_0;  1 drivers
v00000230dd6c0740_0 .var "carry", 0 0;
v00000230dd6c02e0_0 .net "s0", 0 0, v00000230dd6c13c0_0;  1 drivers
v00000230dd6c1d20_0 .net "s1", 0 0, v00000230dd6c1a00_0;  1 drivers
v00000230dd6c0240_0 .var "sum", 0 0;
E_00000230dd65dd40/0 .event anyedge, v00000230dd6c1a00_0, v00000230dd6c10a0_0, v00000230dd6c1820_0, v00000230dd6c0380_0;
E_00000230dd65dd40/1 .event anyedge, v00000230dd6c0a60_0, v00000230dd6c1e60_0;
E_00000230dd65dd40 .event/or E_00000230dd65dd40/0, E_00000230dd65dd40/1;
S_00000230dd6c2250 .scope module, "ha1" "HalfAdder" 2 37, 2 4 0, S_00000230dd6c20c0;
 .timescale 0 0;
    .port_info 0 /INPUT 1 "A";
    .port_info 1 /INPUT 1 "B";
    .port_info 2 /OUTPUT 1 "carry";
    .port_info 3 /OUTPUT 1 "sum";
v00000230dd6c10a0_0 .net "A", 0 0, L_00000230dd6d5a70;  alias, 1 drivers
v00000230dd6c1820_0 .net "B", 0 0, L_00000230dd655e80;  alias, 1 drivers
v00000230dd6c1e60_0 .var "carry", 0 0;
v00000230dd6c13c0_0 .var "sum", 0 0;
E_00000230dd65eac0 .event anyedge, v00000230dd6c10a0_0, v00000230dd6c1820_0;
S_00000230dd6c23e0 .scope module, "ha2" "HalfAdder" 2 38, 2 4 0, S_00000230dd6c20c0;
 .timescale 0 0;
    .port_info 0 /INPUT 1 "A";
    .port_info 1 /INPUT 1 "B";
    .port_info 2 /OUTPUT 1 "carry";
    .port_info 3 /OUTPUT 1 "sum";
v00000230dd6c1140_0 .net "A", 0 0, v00000230dd6c13c0_0;  alias, 1 drivers
v00000230dd6c0380_0 .net "B", 0 0, v00000230dd6cc330_0;  alias, 1 drivers
v00000230dd6c0a60_0 .var "carry", 0 0;
v00000230dd6c1a00_0 .var "sum", 0 0;
E_00000230dd65de00 .event anyedge, v00000230dd6c13c0_0, v00000230dd6c0380_0;
S_00000230dd6c2570 .scope module, "FA11" "FullAdder" 2 95, 2 23 0, S_00000230dd609ab0;
 .timescale 0 0;
    .port_info 0 /INPUT 1 "A";
    .port_info 1 /INPUT 1 "B";
    .port_info 2 /INPUT 1 "C";
    .port_info 3 /OUTPUT 1 "carry";
    .port_info 4 /OUTPUT 1 "sum";
v00000230dd6c18c0_0 .net "A", 0 0, L_00000230dd6d48f0;  1 drivers
v00000230dd6c1280_0 .net "B", 0 0, L_00000230dd6551d0;  alias, 1 drivers
v00000230dd6c07e0_0 .net "C", 0 0, v00000230dd6c0740_0;  alias, 1 drivers
v00000230dd6c0d80_0 .net "c0", 0 0, v00000230dd6c0ba0_0;  1 drivers
v00000230dd6c0920_0 .net "c1", 0 0, v00000230dd6c1aa0_0;  1 drivers
v00000230dd6c1960_0 .var "carry", 0 0;
v00000230dd6c0b00_0 .net "s0", 0 0, v00000230dd6c1c80_0;  1 drivers
v00000230dd6c1000_0 .net "s1", 0 0, v00000230dd6c1dc0_0;  1 drivers
v00000230dd6c1b40_0 .var "sum", 0 0;
E_00000230dd65dd80/0 .event anyedge, v00000230dd6c1dc0_0, v00000230dd6c0560_0, v00000230dd6c0600_0, v00000230dd6c0740_0;
E_00000230dd65dd80/1 .event anyedge, v00000230dd6c1aa0_0, v00000230dd6c0ba0_0;
E_00000230dd65dd80 .event/or E_00000230dd65dd80/0, E_00000230dd65dd80/1;
S_00000230dd6c2700 .scope module, "ha1" "HalfAdder" 2 37, 2 4 0, S_00000230dd6c2570;
 .timescale 0 0;
    .port_info 0 /INPUT 1 "A";
    .port_info 1 /INPUT 1 "B";
    .port_info 2 /OUTPUT 1 "carry";
    .port_info 3 /OUTPUT 1 "sum";
v00000230dd6c0560_0 .net "A", 0 0, L_00000230dd6d48f0;  alias, 1 drivers
v00000230dd6c0600_0 .net "B", 0 0, L_00000230dd6551d0;  alias, 1 drivers
v00000230dd6c0ba0_0 .var "carry", 0 0;
v00000230dd6c1c80_0 .var "sum", 0 0;
E_00000230dd65e900 .event anyedge, v00000230dd6c0560_0, v00000230dd6c0600_0;
S_00000230dd6c2890 .scope module, "ha2" "HalfAdder" 2 38, 2 4 0, S_00000230dd6c2570;
 .timescale 0 0;
    .port_info 0 /INPUT 1 "A";
    .port_info 1 /INPUT 1 "B";
    .port_info 2 /OUTPUT 1 "carry";
    .port_info 3 /OUTPUT 1 "sum";
v00000230dd6c0880_0 .net "A", 0 0, v00000230dd6c1c80_0;  alias, 1 drivers
v00000230dd6c1780_0 .net "B", 0 0, v00000230dd6c0740_0;  alias, 1 drivers
v00000230dd6c1aa0_0 .var "carry", 0 0;
v00000230dd6c1dc0_0 .var "sum", 0 0;
E_00000230dd65e400 .event anyedge, v00000230dd6c1c80_0, v00000230dd6c0740_0;
S_00000230dd6c2a20 .scope module, "FA12" "FullAdder" 2 96, 2 23 0, S_00000230dd609ab0;
 .timescale 0 0;
    .port_info 0 /INPUT 1 "A";
    .port_info 1 /INPUT 1 "B";
    .port_info 2 /INPUT 1 "C";
    .port_info 3 /OUTPUT 1 "carry";
    .port_info 4 /OUTPUT 1 "sum";
v00000230dd6ac0a0_0 .net "A", 0 0, L_00000230dd6d4990;  1 drivers
v00000230dd6ab6a0_0 .net "B", 0 0, L_00000230dd655f60;  alias, 1 drivers
v00000230dd6ac140_0 .net "C", 0 0, v00000230dd6c1960_0;  alias, 1 drivers
v00000230dd6ab600_0 .net "c0", 0 0, v00000230dd6c0ec0_0;  1 drivers
v00000230dd6ab740_0 .net "c1", 0 0, v00000230dd6c1460_0;  1 drivers
v00000230dd6ac500_0 .var "carry", 0 0;
v00000230dd6aca00_0 .net "s0", 0 0, v00000230dd6c1320_0;  1 drivers
v00000230dd6acaa0_0 .net "s1", 0 0, v00000230dd6c15a0_0;  1 drivers
v00000230dd6acb40_0 .var "sum", 0 0;
E_00000230dd65e9c0/0 .event anyedge, v00000230dd6c15a0_0, v00000230dd6c0c40_0, v00000230dd6c0ce0_0, v00000230dd6c1960_0;
E_00000230dd65e9c0/1 .event anyedge, v00000230dd6c1460_0, v00000230dd6c0ec0_0;
E_00000230dd65e9c0 .event/or E_00000230dd65e9c0/0, E_00000230dd65e9c0/1;
S_00000230dd6c2bb0 .scope module, "ha1" "HalfAdder" 2 37, 2 4 0, S_00000230dd6c2a20;
 .timescale 0 0;
    .port_info 0 /INPUT 1 "A";
    .port_info 1 /INPUT 1 "B";
    .port_info 2 /OUTPUT 1 "carry";
    .port_info 3 /OUTPUT 1 "sum";
v00000230dd6c0c40_0 .net "A", 0 0, L_00000230dd6d4990;  alias, 1 drivers
v00000230dd6c0ce0_0 .net "B", 0 0, L_00000230dd655f60;  alias, 1 drivers
v00000230dd6c0ec0_0 .var "carry", 0 0;
v00000230dd6c1320_0 .var "sum", 0 0;
E_00000230dd65e840 .event anyedge, v00000230dd6c0c40_0, v00000230dd6c0ce0_0;
S_00000230dd6c2d40 .scope module, "ha2" "HalfAdder" 2 38, 2 4 0, S_00000230dd6c2a20;
 .timescale 0 0;
    .port_info 0 /INPUT 1 "A";
    .port_info 1 /INPUT 1 "B";
    .port_info 2 /OUTPUT 1 "carry";
    .port_info 3 /OUTPUT 1 "sum";
v00000230dd6c1500_0 .net "A", 0 0, v00000230dd6c1320_0;  alias, 1 drivers
v00000230dd6c0f60_0 .net "B", 0 0, v00000230dd6c1960_0;  alias, 1 drivers
v00000230dd6c1460_0 .var "carry", 0 0;
v00000230dd6c15a0_0 .var "sum", 0 0;
E_00000230dd65e700 .event anyedge, v00000230dd6c1320_0, v00000230dd6c1960_0;
S_00000230dd6c3880 .scope module, "FA13" "FullAdder" 2 97, 2 23 0, S_00000230dd609ab0;
 .timescale 0 0;
    .port_info 0 /INPUT 1 "A";
    .port_info 1 /INPUT 1 "B";
    .port_info 2 /INPUT 1 "C";
    .port_info 3 /OUTPUT 1 "carry";
    .port_info 4 /OUTPUT 1 "sum";
v00000230dd6acf00_0 .net "A", 0 0, L_00000230dd6d2230;  1 drivers
v00000230dd6abce0_0 .net "B", 0 0, L_00000230dd6552b0;  alias, 1 drivers
v00000230dd6ac8c0_0 .net "C", 0 0, v00000230dd6ac500_0;  alias, 1 drivers
v00000230dd6ac280_0 .net "c0", 0 0, v00000230dd6abf60_0;  1 drivers
v00000230dd6ab2e0_0 .net "c1", 0 0, v00000230dd6abb00_0;  1 drivers
v00000230dd6abd80_0 .var "carry", 0 0;
v00000230dd6ab380_0 .net "s0", 0 0, v00000230dd6ac6e0_0;  1 drivers
v00000230dd6ac5a0_0 .net "s1", 0 0, v00000230dd6ab240_0;  1 drivers
v00000230dd6acbe0_0 .var "sum", 0 0;
E_00000230dd65e8c0/0 .event anyedge, v00000230dd6ab240_0, v00000230dd6ac1e0_0, v00000230dd6ac000_0, v00000230dd6ac500_0;
E_00000230dd65e8c0/1 .event anyedge, v00000230dd6abb00_0, v00000230dd6abf60_0;
E_00000230dd65e8c0 .event/or E_00000230dd65e8c0/0, E_00000230dd65e8c0/1;
S_00000230dd6c2f20 .scope module, "ha1" "HalfAdder" 2 37, 2 4 0, S_00000230dd6c3880;
 .timescale 0 0;
    .port_info 0 /INPUT 1 "A";
    .port_info 1 /INPUT 1 "B";
    .port_info 2 /OUTPUT 1 "carry";
    .port_info 3 /OUTPUT 1 "sum";
v00000230dd6ac1e0_0 .net "A", 0 0, L_00000230dd6d2230;  alias, 1 drivers
v00000230dd6ac000_0 .net "B", 0 0, L_00000230dd6552b0;  alias, 1 drivers
v00000230dd6abf60_0 .var "carry", 0 0;
v00000230dd6ac6e0_0 .var "sum", 0 0;
E_00000230dd65e280 .event anyedge, v00000230dd6ac1e0_0, v00000230dd6ac000_0;
S_00000230dd6c3a10 .scope module, "ha2" "HalfAdder" 2 38, 2 4 0, S_00000230dd6c3880;
 .timescale 0 0;
    .port_info 0 /INPUT 1 "A";
    .port_info 1 /INPUT 1 "B";
    .port_info 2 /OUTPUT 1 "carry";
    .port_info 3 /OUTPUT 1 "sum";
v00000230dd6ac3c0_0 .net "A", 0 0, v00000230dd6ac6e0_0;  alias, 1 drivers
v00000230dd6ab7e0_0 .net "B", 0 0, v00000230dd6ac500_0;  alias, 1 drivers
v00000230dd6abb00_0 .var "carry", 0 0;
v00000230dd6ab240_0 .var "sum", 0 0;
E_00000230dd65e0c0 .event anyedge, v00000230dd6ac6e0_0, v00000230dd6ac500_0;
S_00000230dd6c36f0 .scope module, "FA14" "FullAdder" 2 98, 2 23 0, S_00000230dd609ab0;
 .timescale 0 0;
    .port_info 0 /INPUT 1 "A";
    .port_info 1 /INPUT 1 "B";
    .port_info 2 /INPUT 1 "C";
    .port_info 3 /OUTPUT 1 "carry";
    .port_info 4 /OUTPUT 1 "sum";
v00000230dd6acc80_0 .net "A", 0 0, L_00000230dd6d3d10;  1 drivers
v00000230dd6acd20_0 .net "B", 0 0, L_00000230dd6555c0;  alias, 1 drivers
v00000230dd6abe20_0 .net "C", 0 0, v00000230dd6abd80_0;  alias, 1 drivers
v00000230dd6ac460_0 .net "c0", 0 0, v00000230dd6ab1a0_0;  1 drivers
v00000230dd6ab100_0 .net "c1", 0 0, v00000230dd6ac320_0;  1 drivers
v00000230dd6acdc0_0 .var "carry", 0 0;
v00000230dd6ace60_0 .net "s0", 0 0, v00000230dd6ab9c0_0;  1 drivers
v00000230dd6ac640_0 .net "s1", 0 0, v00000230dd6ab560_0;  1 drivers
v00000230dd6ab880_0 .var "sum", 0 0;
E_00000230dd65df40/0 .event anyedge, v00000230dd6ab560_0, v00000230dd6ab420_0, v00000230dd6ab060_0, v00000230dd6abd80_0;
E_00000230dd65df40/1 .event anyedge, v00000230dd6ac320_0, v00000230dd6ab1a0_0;
E_00000230dd65df40 .event/or E_00000230dd65df40/0, E_00000230dd65df40/1;
S_00000230dd6c30b0 .scope module, "ha1" "HalfAdder" 2 37, 2 4 0, S_00000230dd6c36f0;
 .timescale 0 0;
    .port_info 0 /INPUT 1 "A";
    .port_info 1 /INPUT 1 "B";
    .port_info 2 /OUTPUT 1 "carry";
    .port_info 3 /OUTPUT 1 "sum";
v00000230dd6ab420_0 .net "A", 0 0, L_00000230dd6d3d10;  alias, 1 drivers
v00000230dd6ab060_0 .net "B", 0 0, L_00000230dd6555c0;  alias, 1 drivers
v00000230dd6ab1a0_0 .var "carry", 0 0;
v00000230dd6ab9c0_0 .var "sum", 0 0;
E_00000230dd65df80 .event anyedge, v00000230dd6ab420_0, v00000230dd6ab060_0;
S_00000230dd6c3d30 .scope module, "ha2" "HalfAdder" 2 38, 2 4 0, S_00000230dd6c36f0;
 .timescale 0 0;
    .port_info 0 /INPUT 1 "A";
    .port_info 1 /INPUT 1 "B";
    .port_info 2 /OUTPUT 1 "carry";
    .port_info 3 /OUTPUT 1 "sum";
v00000230dd6ab4c0_0 .net "A", 0 0, v00000230dd6ab9c0_0;  alias, 1 drivers
v00000230dd6ac960_0 .net "B", 0 0, v00000230dd6abd80_0;  alias, 1 drivers
v00000230dd6ac320_0 .var "carry", 0 0;
v00000230dd6ab560_0 .var "sum", 0 0;
E_00000230dd65e800 .event anyedge, v00000230dd6ab9c0_0, v00000230dd6abd80_0;
S_00000230dd6c3240 .scope module, "FA15" "FullAdder" 2 99, 2 23 0, S_00000230dd609ab0;
 .timescale 0 0;
    .port_info 0 /INPUT 1 "A";
    .port_info 1 /INPUT 1 "B";
    .port_info 2 /INPUT 1 "C";
    .port_info 3 /OUTPUT 1 "carry";
    .port_info 4 /OUTPUT 1 "sum";
v00000230dd6c41b0_0 .net "A", 0 0, L_00000230dd6d2cd0;  1 drivers
v00000230dd6c5510_0 .net "B", 0 0, L_00000230dd655390;  alias, 1 drivers
v00000230dd6c3f30_0 .net "C", 0 0, v00000230dd6acdc0_0;  alias, 1 drivers
v00000230dd6c5650_0 .net "c0", 0 0, v00000230dd6abba0_0;  1 drivers
v00000230dd6c4890_0 .net "c1", 0 0, v00000230dd6abec0_0;  1 drivers
v00000230dd6c4430_0 .var "carry", 0 0;
v00000230dd6c44d0_0 .net "s0", 0 0, v00000230dd6abc40_0;  1 drivers
v00000230dd6c56f0_0 .net "s1", 0 0, v00000230dd6c50b0_0;  1 drivers
v00000230dd6c4cf0_0 .var "sum", 0 0;
E_00000230dd65e100/0 .event anyedge, v00000230dd6c50b0_0, v00000230dd6aba60_0, v00000230dd6ab920_0, v00000230dd6acdc0_0;
E_00000230dd65e100/1 .event anyedge, v00000230dd6abec0_0, v00000230dd6abba0_0;
E_00000230dd65e100 .event/or E_00000230dd65e100/0, E_00000230dd65e100/1;
S_00000230dd6c3ba0 .scope module, "ha1" "HalfAdder" 2 37, 2 4 0, S_00000230dd6c3240;
 .timescale 0 0;
    .port_info 0 /INPUT 1 "A";
    .port_info 1 /INPUT 1 "B";
    .port_info 2 /OUTPUT 1 "carry";
    .port_info 3 /OUTPUT 1 "sum";
v00000230dd6aba60_0 .net "A", 0 0, L_00000230dd6d2cd0;  alias, 1 drivers
v00000230dd6ab920_0 .net "B", 0 0, L_00000230dd655390;  alias, 1 drivers
v00000230dd6abba0_0 .var "carry", 0 0;
v00000230dd6abc40_0 .var "sum", 0 0;
E_00000230dd65e480 .event anyedge, v00000230dd6aba60_0, v00000230dd6ab920_0;
S_00000230dd6c3560 .scope module, "ha2" "HalfAdder" 2 38, 2 4 0, S_00000230dd6c3240;
 .timescale 0 0;
    .port_info 0 /INPUT 1 "A";
    .port_info 1 /INPUT 1 "B";
    .port_info 2 /OUTPUT 1 "carry";
    .port_info 3 /OUTPUT 1 "sum";
v00000230dd6ac780_0 .net "A", 0 0, v00000230dd6abc40_0;  alias, 1 drivers
v00000230dd6ac820_0 .net "B", 0 0, v00000230dd6acdc0_0;  alias, 1 drivers
v00000230dd6abec0_0 .var "carry", 0 0;
v00000230dd6c50b0_0 .var "sum", 0 0;
E_00000230dd65eb00 .event anyedge, v00000230dd6abc40_0, v00000230dd6acdc0_0;
S_00000230dd6c33d0 .scope module, "FA2" "FullAdder" 2 86, 2 23 0, S_00000230dd609ab0;
 .timescale 0 0;
    .port_info 0 /INPUT 1 "A";
    .port_info 1 /INPUT 1 "B";
    .port_info 2 /INPUT 1 "C";
    .port_info 3 /OUTPUT 1 "carry";
    .port_info 4 /OUTPUT 1 "sum";
v00000230dd6c4250_0 .net "A", 0 0, L_00000230dd6d5d90;  1 drivers
v00000230dd6c5010_0 .net "B", 0 0, L_00000230dd655b70;  alias, 1 drivers
v00000230dd6c4390_0 .net "C", 0 0, v00000230dd6c09c0_0;  alias, 1 drivers
v00000230dd6c4570_0 .net "c0", 0 0, v00000230dd6c4070_0;  1 drivers
v00000230dd6c4610_0 .net "c1", 0 0, v00000230dd6c4c50_0;  1 drivers
v00000230dd6c49d0_0 .var "carry", 0 0;
v00000230dd6c4110_0 .net "s0", 0 0, v00000230dd6c51f0_0;  1 drivers
v00000230dd6c55b0_0 .net "s1", 0 0, v00000230dd6c3fd0_0;  1 drivers
v00000230dd6c5150_0 .var "sum", 0 0;
E_00000230dd65e000/0 .event anyedge, v00000230dd6c3fd0_0, v00000230dd6c5ab0_0, v00000230dd6c4930_0, v00000230dd6c09c0_0;
E_00000230dd65e000/1 .event anyedge, v00000230dd6c4c50_0, v00000230dd6c4070_0;
E_00000230dd65e000 .event/or E_00000230dd65e000/0, E_00000230dd65e000/1;
S_00000230dd6c96c0 .scope module, "ha1" "HalfAdder" 2 37, 2 4 0, S_00000230dd6c33d0;
 .timescale 0 0;
    .port_info 0 /INPUT 1 "A";
    .port_info 1 /INPUT 1 "B";
    .port_info 2 /OUTPUT 1 "carry";
    .port_info 3 /OUTPUT 1 "sum";
v00000230dd6c5ab0_0 .net "A", 0 0, L_00000230dd6d5d90;  alias, 1 drivers
v00000230dd6c4930_0 .net "B", 0 0, L_00000230dd655b70;  alias, 1 drivers
v00000230dd6c4070_0 .var "carry", 0 0;
v00000230dd6c51f0_0 .var "sum", 0 0;
E_00000230dd65e940 .event anyedge, v00000230dd6c5ab0_0, v00000230dd6c4930_0;
S_00000230dd6c8400 .scope module, "ha2" "HalfAdder" 2 38, 2 4 0, S_00000230dd6c33d0;
 .timescale 0 0;
    .port_info 0 /INPUT 1 "A";
    .port_info 1 /INPUT 1 "B";
    .port_info 2 /OUTPUT 1 "carry";
    .port_info 3 /OUTPUT 1 "sum";
v00000230dd6c42f0_0 .net "A", 0 0, v00000230dd6c51f0_0;  alias, 1 drivers
v00000230dd6c47f0_0 .net "B", 0 0, v00000230dd6c09c0_0;  alias, 1 drivers
v00000230dd6c4c50_0 .var "carry", 0 0;
v00000230dd6c3fd0_0 .var "sum", 0 0;
E_00000230dd65eb40 .event anyedge, v00000230dd6c51f0_0, v00000230dd6c09c0_0;
S_00000230dd6c8270 .scope module, "FA3" "FullAdder" 2 87, 2 23 0, S_00000230dd609ab0;
 .timescale 0 0;
    .port_info 0 /INPUT 1 "A";
    .port_info 1 /INPUT 1 "B";
    .port_info 2 /INPUT 1 "C";
    .port_info 3 /OUTPUT 1 "carry";
    .port_info 4 /OUTPUT 1 "sum";
v00000230dd6c4e30_0 .net "A", 0 0, L_00000230dd6d5570;  1 drivers
v00000230dd6c5470_0 .net "B", 0 0, L_00000230dd6558d0;  alias, 1 drivers
v00000230dd6c5330_0 .net "C", 0 0, v00000230dd6c49d0_0;  alias, 1 drivers
v00000230dd6c5790_0 .net "c0", 0 0, v00000230dd6c46b0_0;  1 drivers
v00000230dd6c5d30_0 .net "c1", 0 0, v00000230dd6c4bb0_0;  1 drivers
v00000230dd6c4ed0_0 .var "carry", 0 0;
v00000230dd6c53d0_0 .net "s0", 0 0, v00000230dd6c4750_0;  1 drivers
v00000230dd6c5830_0 .net "s1", 0 0, v00000230dd6c4d90_0;  1 drivers
v00000230dd6c58d0_0 .var "sum", 0 0;
E_00000230dd65ea00/0 .event anyedge, v00000230dd6c4d90_0, v00000230dd6c4a70_0, v00000230dd6c4f70_0, v00000230dd6c49d0_0;
E_00000230dd65ea00/1 .event anyedge, v00000230dd6c4bb0_0, v00000230dd6c46b0_0;
E_00000230dd65ea00 .event/or E_00000230dd65ea00/0, E_00000230dd65ea00/1;
S_00000230dd6c99e0 .scope module, "ha1" "HalfAdder" 2 37, 2 4 0, S_00000230dd6c8270;
 .timescale 0 0;
    .port_info 0 /INPUT 1 "A";
    .port_info 1 /INPUT 1 "B";
    .port_info 2 /OUTPUT 1 "carry";
    .port_info 3 /OUTPUT 1 "sum";
v00000230dd6c4a70_0 .net "A", 0 0, L_00000230dd6d5570;  alias, 1 drivers
v00000230dd6c4f70_0 .net "B", 0 0, L_00000230dd6558d0;  alias, 1 drivers
v00000230dd6c46b0_0 .var "carry", 0 0;
v00000230dd6c4750_0 .var "sum", 0 0;
E_00000230dd65ecc0 .event anyedge, v00000230dd6c4a70_0, v00000230dd6c4f70_0;
S_00000230dd6c9d00 .scope module, "ha2" "HalfAdder" 2 38, 2 4 0, S_00000230dd6c8270;
 .timescale 0 0;
    .port_info 0 /INPUT 1 "A";
    .port_info 1 /INPUT 1 "B";
    .port_info 2 /OUTPUT 1 "carry";
    .port_info 3 /OUTPUT 1 "sum";
v00000230dd6c4b10_0 .net "A", 0 0, v00000230dd6c4750_0;  alias, 1 drivers
v00000230dd6c5290_0 .net "B", 0 0, v00000230dd6c49d0_0;  alias, 1 drivers
v00000230dd6c4bb0_0 .var "carry", 0 0;
v00000230dd6c4d90_0 .var "sum", 0 0;
E_00000230dd65ddc0 .event anyedge, v00000230dd6c4750_0, v00000230dd6c49d0_0;
S_00000230dd6c7f50 .scope module, "FA4" "FullAdder" 2 88, 2 23 0, S_00000230dd609ab0;
 .timescale 0 0;
    .port_info 0 /INPUT 1 "A";
    .port_info 1 /INPUT 1 "B";
    .port_info 2 /INPUT 1 "C";
    .port_info 3 /OUTPUT 1 "carry";
    .port_info 4 /OUTPUT 1 "sum";
v00000230dd6ca000_0 .net "A", 0 0, L_00000230dd6d5070;  1 drivers
v00000230dd6cabe0_0 .net "B", 0 0, L_00000230dd655630;  alias, 1 drivers
v00000230dd6cadc0_0 .net "C", 0 0, v00000230dd6c4ed0_0;  alias, 1 drivers
v00000230dd6cb680_0 .net "c0", 0 0, v00000230dd6c5b50_0;  1 drivers
v00000230dd6cb040_0 .net "c1", 0 0, v00000230dd6cbae0_0;  1 drivers
v00000230dd6cafa0_0 .var "carry", 0 0;
v00000230dd6caf00_0 .net "s0", 0 0, v00000230dd6c5bf0_0;  1 drivers
v00000230dd6cb0e0_0 .net "s1", 0 0, v00000230dd6c9f60_0;  1 drivers
v00000230dd6cb7c0_0 .var "sum", 0 0;
E_00000230dd65dfc0/0 .event anyedge, v00000230dd6c9f60_0, v00000230dd6c5970_0, v00000230dd6c5a10_0, v00000230dd6c4ed0_0;
E_00000230dd65dfc0/1 .event anyedge, v00000230dd6cbae0_0, v00000230dd6c5b50_0;
E_00000230dd65dfc0 .event/or E_00000230dd65dfc0/0, E_00000230dd65dfc0/1;
S_00000230dd6c9530 .scope module, "ha1" "HalfAdder" 2 37, 2 4 0, S_00000230dd6c7f50;
 .timescale 0 0;
    .port_info 0 /INPUT 1 "A";
    .port_info 1 /INPUT 1 "B";
    .port_info 2 /OUTPUT 1 "carry";
    .port_info 3 /OUTPUT 1 "sum";
v00000230dd6c5970_0 .net "A", 0 0, L_00000230dd6d5070;  alias, 1 drivers
v00000230dd6c5a10_0 .net "B", 0 0, L_00000230dd655630;  alias, 1 drivers
v00000230dd6c5b50_0 .var "carry", 0 0;
v00000230dd6c5bf0_0 .var "sum", 0 0;
E_00000230dd65e4c0 .event anyedge, v00000230dd6c5970_0, v00000230dd6c5a10_0;
S_00000230dd6c9b70 .scope module, "ha2" "HalfAdder" 2 38, 2 4 0, S_00000230dd6c7f50;
 .timescale 0 0;
    .port_info 0 /INPUT 1 "A";
    .port_info 1 /INPUT 1 "B";
    .port_info 2 /OUTPUT 1 "carry";
    .port_info 3 /OUTPUT 1 "sum";
v00000230dd6c5c90_0 .net "A", 0 0, v00000230dd6c5bf0_0;  alias, 1 drivers
v00000230dd6c5dd0_0 .net "B", 0 0, v00000230dd6c4ed0_0;  alias, 1 drivers
v00000230dd6cbae0_0 .var "carry", 0 0;
v00000230dd6c9f60_0 .var "sum", 0 0;
E_00000230dd65dec0 .event anyedge, v00000230dd6c5bf0_0, v00000230dd6c4ed0_0;
S_00000230dd6c80e0 .scope module, "FA5" "FullAdder" 2 89, 2 23 0, S_00000230dd609ab0;
 .timescale 0 0;
    .port_info 0 /INPUT 1 "A";
    .port_info 1 /INPUT 1 "B";
    .port_info 2 /INPUT 1 "C";
    .port_info 3 /OUTPUT 1 "carry";
    .port_info 4 /OUTPUT 1 "sum";
v00000230dd6cb720_0 .net "A", 0 0, L_00000230dd6d59d0;  1 drivers
v00000230dd6cb5e0_0 .net "B", 0 0, L_00000230dd6554e0;  alias, 1 drivers
v00000230dd6ca6e0_0 .net "C", 0 0, v00000230dd6cafa0_0;  alias, 1 drivers
v00000230dd6ca0a0_0 .net "c0", 0 0, v00000230dd6cb4a0_0;  1 drivers
v00000230dd6cbcc0_0 .net "c1", 0 0, v00000230dd6cba40_0;  1 drivers
v00000230dd6cb360_0 .var "carry", 0 0;
v00000230dd6cb180_0 .net "s0", 0 0, v00000230dd6cb220_0;  1 drivers
v00000230dd6cac80_0 .net "s1", 0 0, v00000230dd6ca5a0_0;  1 drivers
v00000230dd6cad20_0 .var "sum", 0 0;
E_00000230dd65e1c0/0 .event anyedge, v00000230dd6ca5a0_0, v00000230dd6cb9a0_0, v00000230dd6ca500_0, v00000230dd6cafa0_0;
E_00000230dd65e1c0/1 .event anyedge, v00000230dd6cba40_0, v00000230dd6cb4a0_0;
E_00000230dd65e1c0 .event/or E_00000230dd65e1c0/0, E_00000230dd65e1c0/1;
S_00000230dd6c8590 .scope module, "ha1" "HalfAdder" 2 37, 2 4 0, S_00000230dd6c80e0;
 .timescale 0 0;
    .port_info 0 /INPUT 1 "A";
    .port_info 1 /INPUT 1 "B";
    .port_info 2 /OUTPUT 1 "carry";
    .port_info 3 /OUTPUT 1 "sum";
v00000230dd6cb9a0_0 .net "A", 0 0, L_00000230dd6d59d0;  alias, 1 drivers
v00000230dd6ca500_0 .net "B", 0 0, L_00000230dd6554e0;  alias, 1 drivers
v00000230dd6cb4a0_0 .var "carry", 0 0;
v00000230dd6cb220_0 .var "sum", 0 0;
E_00000230dd65e140 .event anyedge, v00000230dd6cb9a0_0, v00000230dd6ca500_0;
S_00000230dd6c88b0 .scope module, "ha2" "HalfAdder" 2 38, 2 4 0, S_00000230dd6c80e0;
 .timescale 0 0;
    .port_info 0 /INPUT 1 "A";
    .port_info 1 /INPUT 1 "B";
    .port_info 2 /OUTPUT 1 "carry";
    .port_info 3 /OUTPUT 1 "sum";
v00000230dd6cb540_0 .net "A", 0 0, v00000230dd6cb220_0;  alias, 1 drivers
v00000230dd6cab40_0 .net "B", 0 0, v00000230dd6cafa0_0;  alias, 1 drivers
v00000230dd6cba40_0 .var "carry", 0 0;
v00000230dd6ca5a0_0 .var "sum", 0 0;
E_00000230dd65e180 .event anyedge, v00000230dd6cb220_0, v00000230dd6cafa0_0;
S_00000230dd6c9850 .scope module, "FA6" "FullAdder" 2 90, 2 23 0, S_00000230dd609ab0;
 .timescale 0 0;
    .port_info 0 /INPUT 1 "A";
    .port_info 1 /INPUT 1 "B";
    .port_info 2 /INPUT 1 "C";
    .port_info 3 /OUTPUT 1 "carry";
    .port_info 4 /OUTPUT 1 "sum";
v00000230dd6cb2c0_0 .net "A", 0 0, L_00000230dd6d5e30;  1 drivers
v00000230dd6cbc20_0 .net "B", 0 0, L_00000230dd655be0;  alias, 1 drivers
v00000230dd6cb900_0 .net "C", 0 0, v00000230dd6cb360_0;  alias, 1 drivers
v00000230dd6cbd60_0 .net "c0", 0 0, v00000230dd6ca820_0;  1 drivers
v00000230dd6ca140_0 .net "c1", 0 0, v00000230dd6ca320_0;  1 drivers
v00000230dd6cbb80_0 .var "carry", 0 0;
v00000230dd6ca8c0_0 .net "s0", 0 0, v00000230dd6caaa0_0;  1 drivers
v00000230dd6ca3c0_0 .net "s1", 0 0, v00000230dd6cae60_0;  1 drivers
v00000230dd6ca960_0 .var "sum", 0 0;
E_00000230dd65e200/0 .event anyedge, v00000230dd6cae60_0, v00000230dd6ca780_0, v00000230dd6cb860_0, v00000230dd6cb360_0;
E_00000230dd65e200/1 .event anyedge, v00000230dd6ca320_0, v00000230dd6ca820_0;
E_00000230dd65e200 .event/or E_00000230dd65e200/0, E_00000230dd65e200/1;
S_00000230dd6c8720 .scope module, "ha1" "HalfAdder" 2 37, 2 4 0, S_00000230dd6c9850;
 .timescale 0 0;
    .port_info 0 /INPUT 1 "A";
    .port_info 1 /INPUT 1 "B";
    .port_info 2 /OUTPUT 1 "carry";
    .port_info 3 /OUTPUT 1 "sum";
v00000230dd6ca780_0 .net "A", 0 0, L_00000230dd6d5e30;  alias, 1 drivers
v00000230dd6cb860_0 .net "B", 0 0, L_00000230dd655be0;  alias, 1 drivers
v00000230dd6ca820_0 .var "carry", 0 0;
v00000230dd6caaa0_0 .var "sum", 0 0;
E_00000230dd65e300 .event anyedge, v00000230dd6ca780_0, v00000230dd6cb860_0;
S_00000230dd6c8a40 .scope module, "ha2" "HalfAdder" 2 38, 2 4 0, S_00000230dd6c9850;
 .timescale 0 0;
    .port_info 0 /INPUT 1 "A";
    .port_info 1 /INPUT 1 "B";
    .port_info 2 /OUTPUT 1 "carry";
    .port_info 3 /OUTPUT 1 "sum";
v00000230dd6ca1e0_0 .net "A", 0 0, v00000230dd6caaa0_0;  alias, 1 drivers
v00000230dd6cb400_0 .net "B", 0 0, v00000230dd6cb360_0;  alias, 1 drivers
v00000230dd6ca320_0 .var "carry", 0 0;
v00000230dd6cae60_0 .var "sum", 0 0;
E_00000230dd65e340 .event anyedge, v00000230dd6caaa0_0, v00000230dd6cb360_0;
S_00000230dd6c8bd0 .scope module, "FA7" "FullAdder" 2 91, 2 23 0, S_00000230dd609ab0;
 .timescale 0 0;
    .port_info 0 /INPUT 1 "A";
    .port_info 1 /INPUT 1 "B";
    .port_info 2 /INPUT 1 "C";
    .port_info 3 /OUTPUT 1 "carry";
    .port_info 4 /OUTPUT 1 "sum";
v00000230dd6cd550_0 .net "A", 0 0, L_00000230dd6d57f0;  1 drivers
v00000230dd6cd190_0 .net "B", 0 0, L_00000230dd655e10;  alias, 1 drivers
v00000230dd6cc010_0 .net "C", 0 0, v00000230dd6cbb80_0;  alias, 1 drivers
v00000230dd6ccfb0_0 .net "c0", 0 0, v00000230dd6ca280_0;  1 drivers
v00000230dd6cc5b0_0 .net "c1", 0 0, v00000230dd6ccdd0_0;  1 drivers
v00000230dd6cd230_0 .var "carry", 0 0;
v00000230dd6ccbf0_0 .net "s0", 0 0, v00000230dd6ca460_0;  1 drivers
v00000230dd6cdcd0_0 .net "s1", 0 0, v00000230dd6ccf10_0;  1 drivers
v00000230dd6cc510_0 .var "sum", 0 0;
E_00000230dd65fa80/0 .event anyedge, v00000230dd6ccf10_0, v00000230dd6cbe00_0, v00000230dd6ca640_0, v00000230dd6cbb80_0;
E_00000230dd65fa80/1 .event anyedge, v00000230dd6ccdd0_0, v00000230dd6ca280_0;
E_00000230dd65fa80 .event/or E_00000230dd65fa80/0, E_00000230dd65fa80/1;
S_00000230dd6c8d60 .scope module, "ha1" "HalfAdder" 2 37, 2 4 0, S_00000230dd6c8bd0;
 .timescale 0 0;
    .port_info 0 /INPUT 1 "A";
    .port_info 1 /INPUT 1 "B";
    .port_info 2 /OUTPUT 1 "carry";
    .port_info 3 /OUTPUT 1 "sum";
v00000230dd6cbe00_0 .net "A", 0 0, L_00000230dd6d57f0;  alias, 1 drivers
v00000230dd6ca640_0 .net "B", 0 0, L_00000230dd655e10;  alias, 1 drivers
v00000230dd6ca280_0 .var "carry", 0 0;
v00000230dd6ca460_0 .var "sum", 0 0;
E_00000230dd65fc00 .event anyedge, v00000230dd6cbe00_0, v00000230dd6ca640_0;
S_00000230dd6c8ef0 .scope module, "ha2" "HalfAdder" 2 38, 2 4 0, S_00000230dd6c8bd0;
 .timescale 0 0;
    .port_info 0 /INPUT 1 "A";
    .port_info 1 /INPUT 1 "B";
    .port_info 2 /OUTPUT 1 "carry";
    .port_info 3 /OUTPUT 1 "sum";
v00000230dd6caa00_0 .net "A", 0 0, v00000230dd6ca460_0;  alias, 1 drivers
v00000230dd6cd0f0_0 .net "B", 0 0, v00000230dd6cbb80_0;  alias, 1 drivers
v00000230dd6ccdd0_0 .var "carry", 0 0;
v00000230dd6ccf10_0 .var "sum", 0 0;
E_00000230dd65f1c0 .event anyedge, v00000230dd6ca460_0, v00000230dd6cbb80_0;
S_00000230dd6c9080 .scope module, "FA8" "FullAdder" 2 92, 2 23 0, S_00000230dd609ab0;
 .timescale 0 0;
    .port_info 0 /INPUT 1 "A";
    .port_info 1 /INPUT 1 "B";
    .port_info 2 /INPUT 1 "C";
    .port_info 3 /OUTPUT 1 "carry";
    .port_info 4 /OUTPUT 1 "sum";
v00000230dd6cd690_0 .net "A", 0 0, L_00000230dd6d5610;  1 drivers
v00000230dd6cc470_0 .net "B", 0 0, L_00000230dd6559b0;  alias, 1 drivers
v00000230dd6cd730_0 .net "C", 0 0, v00000230dd6cd230_0;  alias, 1 drivers
v00000230dd6ccc90_0 .net "c0", 0 0, v00000230dd6cc0b0_0;  1 drivers
v00000230dd6cd7d0_0 .net "c1", 0 0, v00000230dd6cdd70_0;  1 drivers
v00000230dd6cd870_0 .var "carry", 0 0;
v00000230dd6cd910_0 .net "s0", 0 0, v00000230dd6cce70_0;  1 drivers
v00000230dd6cc8d0_0 .net "s1", 0 0, v00000230dd6cd2d0_0;  1 drivers
v00000230dd6cd370_0 .var "sum", 0 0;
E_00000230dd65fa40/0 .event anyedge, v00000230dd6cd2d0_0, v00000230dd6cc3d0_0, v00000230dd6cdc30_0, v00000230dd6cd230_0;
E_00000230dd65fa40/1 .event anyedge, v00000230dd6cdd70_0, v00000230dd6cc0b0_0;
E_00000230dd65fa40 .event/or E_00000230dd65fa40/0, E_00000230dd65fa40/1;
S_00000230dd6c93a0 .scope module, "ha1" "HalfAdder" 2 37, 2 4 0, S_00000230dd6c9080;
 .timescale 0 0;
    .port_info 0 /INPUT 1 "A";
    .port_info 1 /INPUT 1 "B";
    .port_info 2 /OUTPUT 1 "carry";
    .port_info 3 /OUTPUT 1 "sum";
v00000230dd6cc3d0_0 .net "A", 0 0, L_00000230dd6d5610;  alias, 1 drivers
v00000230dd6cdc30_0 .net "B", 0 0, L_00000230dd6559b0;  alias, 1 drivers
v00000230dd6cc0b0_0 .var "carry", 0 0;
v00000230dd6cce70_0 .var "sum", 0 0;
E_00000230dd65fb40 .event anyedge, v00000230dd6cc3d0_0, v00000230dd6cdc30_0;
S_00000230dd6c9210 .scope module, "ha2" "HalfAdder" 2 38, 2 4 0, S_00000230dd6c9080;
 .timescale 0 0;
    .port_info 0 /INPUT 1 "A";
    .port_info 1 /INPUT 1 "B";
    .port_info 2 /OUTPUT 1 "carry";
    .port_info 3 /OUTPUT 1 "sum";
v00000230dd6cd050_0 .net "A", 0 0, v00000230dd6cce70_0;  alias, 1 drivers
v00000230dd6cd5f0_0 .net "B", 0 0, v00000230dd6cd230_0;  alias, 1 drivers
v00000230dd6cdd70_0 .var "carry", 0 0;
v00000230dd6cd2d0_0 .var "sum", 0 0;
E_00000230dd65fac0 .event anyedge, v00000230dd6cce70_0, v00000230dd6cd230_0;
S_00000230dd6cf880 .scope module, "FA9" "FullAdder" 2 93, 2 23 0, S_00000230dd609ab0;
 .timescale 0 0;
    .port_info 0 /INPUT 1 "A";
    .port_info 1 /INPUT 1 "B";
    .port_info 2 /INPUT 1 "C";
    .port_info 3 /OUTPUT 1 "carry";
    .port_info 4 /OUTPUT 1 "sum";
v00000230dd6cdb90_0 .net "A", 0 0, L_00000230dd6d56b0;  1 drivers
v00000230dd6cd4b0_0 .net "B", 0 0, L_00000230dd655c50;  alias, 1 drivers
v00000230dd6cc150_0 .net "C", 0 0, v00000230dd6cd870_0;  alias, 1 drivers
v00000230dd6cc1f0_0 .net "c0", 0 0, v00000230dd6cde10_0;  1 drivers
v00000230dd6cc6f0_0 .net "c1", 0 0, v00000230dd6cc650_0;  1 drivers
v00000230dd6cc330_0 .var "carry", 0 0;
v00000230dd6cca10_0 .net "s0", 0 0, v00000230dd6cdaf0_0;  1 drivers
v00000230dd6ccd30_0 .net "s1", 0 0, v00000230dd6cbf70_0;  1 drivers
v00000230dd6cc790_0 .var "sum", 0 0;
E_00000230dd65f840/0 .event anyedge, v00000230dd6cbf70_0, v00000230dd6cd9b0_0, v00000230dd6cd410_0, v00000230dd6cd870_0;
E_00000230dd65f840/1 .event anyedge, v00000230dd6cc650_0, v00000230dd6cde10_0;
E_00000230dd65f840 .event/or E_00000230dd65f840/0, E_00000230dd65f840/1;
S_00000230dd6ce2a0 .scope module, "ha1" "HalfAdder" 2 37, 2 4 0, S_00000230dd6cf880;
 .timescale 0 0;
    .port_info 0 /INPUT 1 "A";
    .port_info 1 /INPUT 1 "B";
    .port_info 2 /OUTPUT 1 "carry";
    .port_info 3 /OUTPUT 1 "sum";
v00000230dd6cd9b0_0 .net "A", 0 0, L_00000230dd6d56b0;  alias, 1 drivers
v00000230dd6cd410_0 .net "B", 0 0, L_00000230dd655c50;  alias, 1 drivers
v00000230dd6cde10_0 .var "carry", 0 0;
v00000230dd6cdaf0_0 .var "sum", 0 0;
E_00000230dd65f580 .event anyedge, v00000230dd6cd9b0_0, v00000230dd6cd410_0;
S_00000230dd6ced90 .scope module, "ha2" "HalfAdder" 2 38, 2 4 0, S_00000230dd6cf880;
 .timescale 0 0;
    .port_info 0 /INPUT 1 "A";
    .port_info 1 /INPUT 1 "B";
    .port_info 2 /OUTPUT 1 "carry";
    .port_info 3 /OUTPUT 1 "sum";
v00000230dd6cc970_0 .net "A", 0 0, v00000230dd6cdaf0_0;  alias, 1 drivers
v00000230dd6cda50_0 .net "B", 0 0, v00000230dd6cd870_0;  alias, 1 drivers
v00000230dd6cc650_0 .var "carry", 0 0;
v00000230dd6cbf70_0 .var "sum", 0 0;
E_00000230dd65fcc0 .event anyedge, v00000230dd6cdaf0_0, v00000230dd6cd870_0;
    .scope S_00000230dd5f5f40;
T_0 ;
    %wait E_00000230dd65e5c0;
    %load/vec4 v00000230dd64d650_0;
    %load/vec4 v00000230dd64ccf0_0;
    %xor;
    %store/vec4 v00000230dd64e410_0, 0, 1;
    %load/vec4 v00000230dd64d650_0;
    %load/vec4 v00000230dd64ccf0_0;
    %and;
    %store/vec4 v00000230dd64d830_0, 0, 1;
    %jmp T_0;
    .thread T_0, $push;
    .scope S_00000230dd5f60d0;
T_1 ;
    %wait E_00000230dd65e7c0;
    %load/vec4 v00000230dd64cd90_0;
    %load/vec4 v00000230dd64e2d0_0;
    %xor;
    %store/vec4 v00000230dd64d010_0, 0, 1;
    %load/vec4 v00000230dd64cd90_0;
    %load/vec4 v00000230dd64e2d0_0;
    %and;
    %store/vec4 v00000230dd64df10_0, 0, 1;
    %jmp T_1;
    .thread T_1, $push;
    .scope S_00000230dd5f5db0;
T_2 ;
    %wait E_00000230dd65eb80;
    %load/vec4 v00000230dd64da10_0;
    %store/vec4 v00000230dd64e050_0, 0, 1;
    %load/vec4 v00000230dd64e370_0;
    %load/vec4 v00000230dd64e690_0;
    %xor;
    %load/vec4 v00000230dd64d8d0_0;
    %xor;
    %store/vec4 v00000230dd64e050_0, 0, 1;
    %load/vec4 v00000230dd64c9d0_0;
    %load/vec4 v00000230dd64db50_0;
    %or;
    %store/vec4 v00000230dd64d3d0_0, 0, 1;
    %load/vec4 v00000230dd64e370_0;
    %load/vec4 v00000230dd64e690_0;
    %xor;
    %load/vec4 v00000230dd64d8d0_0;
    %and;
    %load/vec4 v00000230dd64e370_0;
    %load/vec4 v00000230dd64e690_0;
    %and;
    %or;
    %store/vec4 v00000230dd64d3d0_0, 0, 1;
    %jmp T_2;
    .thread T_2, $push;
    .scope S_00000230dd5c2e70;
T_3 ;
    %wait E_00000230dd65ec00;
    %load/vec4 v00000230dd64e0f0_0;
    %load/vec4 v00000230dd6364e0_0;
    %xor;
    %store/vec4 v00000230dd636ee0_0, 0, 1;
    %load/vec4 v00000230dd64e0f0_0;
    %load/vec4 v00000230dd6364e0_0;
    %and;
    %store/vec4 v00000230dd636580_0, 0, 1;
    %jmp T_3;
    .thread T_3, $push;
    .scope S_00000230dd5c3000;
T_4 ;
    %wait E_00000230dd65e780;
    %load/vec4 v00000230dd635400_0;
    %load/vec4 v00000230dd635680_0;
    %xor;
    %store/vec4 v00000230dd6368a0_0, 0, 1;
    %load/vec4 v00000230dd635400_0;
    %load/vec4 v00000230dd635680_0;
    %and;
    %store/vec4 v00000230dd635cc0_0, 0, 1;
    %jmp T_4;
    .thread T_4, $push;
    .scope S_00000230dd5c2ce0;
T_5 ;
    %wait E_00000230dd65e080;
    %load/vec4 v00000230dd6c0100_0;
    %store/vec4 v00000230dd6c06a0_0, 0, 1;
    %load/vec4 v00000230dd6369e0_0;
    %load/vec4 v00000230dd6c1640_0;
    %xor;
    %load/vec4 v00000230dd6c11e0_0;
    %xor;
    %store/vec4 v00000230dd6c06a0_0, 0, 1;
    %load/vec4 v00000230dd6c16e0_0;
    %load/vec4 v00000230dd6c1fa0_0;
    %or;
    %store/vec4 v00000230dd6c09c0_0, 0, 1;
    %load/vec4 v00000230dd6369e0_0;
    %load/vec4 v00000230dd6c1640_0;
    %xor;
    %load/vec4 v00000230dd6c11e0_0;
    %and;
    %load/vec4 v00000230dd6369e0_0;
    %load/vec4 v00000230dd6c1640_0;
    %and;
    %or;
    %store/vec4 v00000230dd6c09c0_0, 0, 1;
    %jmp T_5;
    .thread T_5, $push;
    .scope S_00000230dd6c96c0;
T_6 ;
    %wait E_00000230dd65e940;
    %load/vec4 v00000230dd6c5ab0_0;
    %load/vec4 v00000230dd6c4930_0;
    %xor;
    %store/vec4 v00000230dd6c51f0_0, 0, 1;
    %load/vec4 v00000230dd6c5ab0_0;
    %load/vec4 v00000230dd6c4930_0;
    %and;
    %store/vec4 v00000230dd6c4070_0, 0, 1;
    %jmp T_6;
    .thread T_6, $push;
    .scope S_00000230dd6c8400;
T_7 ;
    %wait E_00000230dd65eb40;
    %load/vec4 v00000230dd6c42f0_0;
    %load/vec4 v00000230dd6c47f0_0;
    %xor;
    %store/vec4 v00000230dd6c3fd0_0, 0, 1;
    %load/vec4 v00000230dd6c42f0_0;
    %load/vec4 v00000230dd6c47f0_0;
    %and;
    %store/vec4 v00000230dd6c4c50_0, 0, 1;
    %jmp T_7;
    .thread T_7, $push;
    .scope S_00000230dd6c33d0;
T_8 ;
    %wait E_00000230dd65e000;
    %load/vec4 v00000230dd6c55b0_0;
    %store/vec4 v00000230dd6c5150_0, 0, 1;
    %load/vec4 v00000230dd6c4250_0;
    %load/vec4 v00000230dd6c5010_0;
    %xor;
    %load/vec4 v00000230dd6c4390_0;
    %xor;
    %store/vec4 v00000230dd6c5150_0, 0, 1;
    %load/vec4 v00000230dd6c4610_0;
    %load/vec4 v00000230dd6c4570_0;
    %or;
    %store/vec4 v00000230dd6c49d0_0, 0, 1;
    %load/vec4 v00000230dd6c4250_0;
    %load/vec4 v00000230dd6c5010_0;
    %xor;
    %load/vec4 v00000230dd6c4390_0;
    %and;
    %load/vec4 v00000230dd6c4250_0;
    %load/vec4 v00000230dd6c5010_0;
    %and;
    %or;
    %store/vec4 v00000230dd6c49d0_0, 0, 1;
    %jmp T_8;
    .thread T_8, $push;
    .scope S_00000230dd6c99e0;
T_9 ;
    %wait E_00000230dd65ecc0;
    %load/vec4 v00000230dd6c4a70_0;
    %load/vec4 v00000230dd6c4f70_0;
    %xor;
    %store/vec4 v00000230dd6c4750_0, 0, 1;
    %load/vec4 v00000230dd6c4a70_0;
    %load/vec4 v00000230dd6c4f70_0;
    %and;
    %store/vec4 v00000230dd6c46b0_0, 0, 1;
    %jmp T_9;
    .thread T_9, $push;
    .scope S_00000230dd6c9d00;
T_10 ;
    %wait E_00000230dd65ddc0;
    %load/vec4 v00000230dd6c4b10_0;
    %load/vec4 v00000230dd6c5290_0;
    %xor;
    %store/vec4 v00000230dd6c4d90_0, 0, 1;
    %load/vec4 v00000230dd6c4b10_0;
    %load/vec4 v00000230dd6c5290_0;
    %and;
    %store/vec4 v00000230dd6c4bb0_0, 0, 1;
    %jmp T_10;
    .thread T_10, $push;
    .scope S_00000230dd6c8270;
T_11 ;
    %wait E_00000230dd65ea00;
    %load/vec4 v00000230dd6c5830_0;
    %store/vec4 v00000230dd6c58d0_0, 0, 1;
    %load/vec4 v00000230dd6c4e30_0;
    %load/vec4 v00000230dd6c5470_0;
    %xor;
    %load/vec4 v00000230dd6c5330_0;
    %xor;
    %store/vec4 v00000230dd6c58d0_0, 0, 1;
    %load/vec4 v00000230dd6c5d30_0;
    %load/vec4 v00000230dd6c5790_0;
    %or;
    %store/vec4 v00000230dd6c4ed0_0, 0, 1;
    %load/vec4 v00000230dd6c4e30_0;
    %load/vec4 v00000230dd6c5470_0;
    %xor;
    %load/vec4 v00000230dd6c5330_0;
    %and;
    %load/vec4 v00000230dd6c4e30_0;
    %load/vec4 v00000230dd6c5470_0;
    %and;
    %or;
    %store/vec4 v00000230dd6c4ed0_0, 0, 1;
    %jmp T_11;
    .thread T_11, $push;
    .scope S_00000230dd6c9530;
T_12 ;
    %wait E_00000230dd65e4c0;
    %load/vec4 v00000230dd6c5970_0;
    %load/vec4 v00000230dd6c5a10_0;
    %xor;
    %store/vec4 v00000230dd6c5bf0_0, 0, 1;
    %load/vec4 v00000230dd6c5970_0;
    %load/vec4 v00000230dd6c5a10_0;
    %and;
    %store/vec4 v00000230dd6c5b50_0, 0, 1;
    %jmp T_12;
    .thread T_12, $push;
    .scope S_00000230dd6c9b70;
T_13 ;
    %wait E_00000230dd65dec0;
    %load/vec4 v00000230dd6c5c90_0;
    %load/vec4 v00000230dd6c5dd0_0;
    %xor;
    %store/vec4 v00000230dd6c9f60_0, 0, 1;
    %load/vec4 v00000230dd6c5c90_0;
    %load/vec4 v00000230dd6c5dd0_0;
    %and;
    %store/vec4 v00000230dd6cbae0_0, 0, 1;
    %jmp T_13;
    .thread T_13, $push;
    .scope S_00000230dd6c7f50;
T_14 ;
    %wait E_00000230dd65dfc0;
    %load/vec4 v00000230dd6cb0e0_0;
    %store/vec4 v00000230dd6cb7c0_0, 0, 1;
    %load/vec4 v00000230dd6ca000_0;
    %load/vec4 v00000230dd6cabe0_0;
    %xor;
    %load/vec4 v00000230dd6cadc0_0;
    %xor;
    %store/vec4 v00000230dd6cb7c0_0, 0, 1;
    %load/vec4 v00000230dd6cb040_0;
    %load/vec4 v00000230dd6cb680_0;
    %or;
    %store/vec4 v00000230dd6cafa0_0, 0, 1;
    %load/vec4 v00000230dd6ca000_0;
    %load/vec4 v00000230dd6cabe0_0;
    %xor;
    %load/vec4 v00000230dd6cadc0_0;
    %and;
    %load/vec4 v00000230dd6ca000_0;
    %load/vec4 v00000230dd6cabe0_0;
    %and;
    %or;
    %store/vec4 v00000230dd6cafa0_0, 0, 1;
    %jmp T_14;
    .thread T_14, $push;
    .scope S_00000230dd6c8590;
T_15 ;
    %wait E_00000230dd65e140;
    %load/vec4 v00000230dd6cb9a0_0;
    %load/vec4 v00000230dd6ca500_0;
    %xor;
    %store/vec4 v00000230dd6cb220_0, 0, 1;
    %load/vec4 v00000230dd6cb9a0_0;
    %load/vec4 v00000230dd6ca500_0;
    %and;
    %store/vec4 v00000230dd6cb4a0_0, 0, 1;
    %jmp T_15;
    .thread T_15, $push;
    .scope S_00000230dd6c88b0;
T_16 ;
    %wait E_00000230dd65e180;
    %load/vec4 v00000230dd6cb540_0;
    %load/vec4 v00000230dd6cab40_0;
    %xor;
    %store/vec4 v00000230dd6ca5a0_0, 0, 1;
    %load/vec4 v00000230dd6cb540_0;
    %load/vec4 v00000230dd6cab40_0;
    %and;
    %store/vec4 v00000230dd6cba40_0, 0, 1;
    %jmp T_16;
    .thread T_16, $push;
    .scope S_00000230dd6c80e0;
T_17 ;
    %wait E_00000230dd65e1c0;
    %load/vec4 v00000230dd6cac80_0;
    %store/vec4 v00000230dd6cad20_0, 0, 1;
    %load/vec4 v00000230dd6cb720_0;
    %load/vec4 v00000230dd6cb5e0_0;
    %xor;
    %load/vec4 v00000230dd6ca6e0_0;
    %xor;
    %store/vec4 v00000230dd6cad20_0, 0, 1;
    %load/vec4 v00000230dd6cbcc0_0;
    %load/vec4 v00000230dd6ca0a0_0;
    %or;
    %store/vec4 v00000230dd6cb360_0, 0, 1;
    %load/vec4 v00000230dd6cb720_0;
    %load/vec4 v00000230dd6cb5e0_0;
    %xor;
    %load/vec4 v00000230dd6ca6e0_0;
    %and;
    %load/vec4 v00000230dd6cb720_0;
    %load/vec4 v00000230dd6cb5e0_0;
    %and;
    %or;
    %store/vec4 v00000230dd6cb360_0, 0, 1;
    %jmp T_17;
    .thread T_17, $push;
    .scope S_00000230dd6c8720;
T_18 ;
    %wait E_00000230dd65e300;
    %load/vec4 v00000230dd6ca780_0;
    %load/vec4 v00000230dd6cb860_0;
    %xor;
    %store/vec4 v00000230dd6caaa0_0, 0, 1;
    %load/vec4 v00000230dd6ca780_0;
    %load/vec4 v00000230dd6cb860_0;
    %and;
    %store/vec4 v00000230dd6ca820_0, 0, 1;
    %jmp T_18;
    .thread T_18, $push;
    .scope S_00000230dd6c8a40;
T_19 ;
    %wait E_00000230dd65e340;
    %load/vec4 v00000230dd6ca1e0_0;
    %load/vec4 v00000230dd6cb400_0;
    %xor;
    %store/vec4 v00000230dd6cae60_0, 0, 1;
    %load/vec4 v00000230dd6ca1e0_0;
    %load/vec4 v00000230dd6cb400_0;
    %and;
    %store/vec4 v00000230dd6ca320_0, 0, 1;
    %jmp T_19;
    .thread T_19, $push;
    .scope S_00000230dd6c9850;
T_20 ;
    %wait E_00000230dd65e200;
    %load/vec4 v00000230dd6ca3c0_0;
    %store/vec4 v00000230dd6ca960_0, 0, 1;
    %load/vec4 v00000230dd6cb2c0_0;
    %load/vec4 v00000230dd6cbc20_0;
    %xor;
    %load/vec4 v00000230dd6cb900_0;
    %xor;
    %store/vec4 v00000230dd6ca960_0, 0, 1;
    %load/vec4 v00000230dd6ca140_0;
    %load/vec4 v00000230dd6cbd60_0;
    %or;
    %store/vec4 v00000230dd6cbb80_0, 0, 1;
    %load/vec4 v00000230dd6cb2c0_0;
    %load/vec4 v00000230dd6cbc20_0;
    %xor;
    %load/vec4 v00000230dd6cb900_0;
    %and;
    %load/vec4 v00000230dd6cb2c0_0;
    %load/vec4 v00000230dd6cbc20_0;
    %and;
    %or;
    %store/vec4 v00000230dd6cbb80_0, 0, 1;
    %jmp T_20;
    .thread T_20, $push;
    .scope S_00000230dd6c8d60;
T_21 ;
    %wait E_00000230dd65fc00;
    %load/vec4 v00000230dd6cbe00_0;
    %load/vec4 v00000230dd6ca640_0;
    %xor;
    %store/vec4 v00000230dd6ca460_0, 0, 1;
    %load/vec4 v00000230dd6cbe00_0;
    %load/vec4 v00000230dd6ca640_0;
    %and;
    %store/vec4 v00000230dd6ca280_0, 0, 1;
    %jmp T_21;
    .thread T_21, $push;
    .scope S_00000230dd6c8ef0;
T_22 ;
    %wait E_00000230dd65f1c0;
    %load/vec4 v00000230dd6caa00_0;
    %load/vec4 v00000230dd6cd0f0_0;
    %xor;
    %store/vec4 v00000230dd6ccf10_0, 0, 1;
    %load/vec4 v00000230dd6caa00_0;
    %load/vec4 v00000230dd6cd0f0_0;
    %and;
    %store/vec4 v00000230dd6ccdd0_0, 0, 1;
    %jmp T_22;
    .thread T_22, $push;
    .scope S_00000230dd6c8bd0;
T_23 ;
    %wait E_00000230dd65fa80;
    %load/vec4 v00000230dd6cdcd0_0;
    %store/vec4 v00000230dd6cc510_0, 0, 1;
    %load/vec4 v00000230dd6cd550_0;
    %load/vec4 v00000230dd6cd190_0;
    %xor;
    %load/vec4 v00000230dd6cc010_0;
    %xor;
    %store/vec4 v00000230dd6cc510_0, 0, 1;
    %load/vec4 v00000230dd6cc5b0_0;
    %load/vec4 v00000230dd6ccfb0_0;
    %or;
    %store/vec4 v00000230dd6cd230_0, 0, 1;
    %load/vec4 v00000230dd6cd550_0;
    %load/vec4 v00000230dd6cd190_0;
    %xor;
    %load/vec4 v00000230dd6cc010_0;
    %and;
    %load/vec4 v00000230dd6cd550_0;
    %load/vec4 v00000230dd6cd190_0;
    %and;
    %or;
    %store/vec4 v00000230dd6cd230_0, 0, 1;
    %jmp T_23;
    .thread T_23, $push;
    .scope S_00000230dd6c93a0;
T_24 ;
    %wait E_00000230dd65fb40;
    %load/vec4 v00000230dd6cc3d0_0;
    %load/vec4 v00000230dd6cdc30_0;
    %xor;
    %store/vec4 v00000230dd6cce70_0, 0, 1;
    %load/vec4 v00000230dd6cc3d0_0;
    %load/vec4 v00000230dd6cdc30_0;
    %and;
    %store/vec4 v00000230dd6cc0b0_0, 0, 1;
    %jmp T_24;
    .thread T_24, $push;
    .scope S_00000230dd6c9210;
T_25 ;
    %wait E_00000230dd65fac0;
    %load/vec4 v00000230dd6cd050_0;
    %load/vec4 v00000230dd6cd5f0_0;
    %xor;
    %store/vec4 v00000230dd6cd2d0_0, 0, 1;
    %load/vec4 v00000230dd6cd050_0;
    %load/vec4 v00000230dd6cd5f0_0;
    %and;
    %store/vec4 v00000230dd6cdd70_0, 0, 1;
    %jmp T_25;
    .thread T_25, $push;
    .scope S_00000230dd6c9080;
T_26 ;
    %wait E_00000230dd65fa40;
    %load/vec4 v00000230dd6cc8d0_0;
    %store/vec4 v00000230dd6cd370_0, 0, 1;
    %load/vec4 v00000230dd6cd690_0;
    %load/vec4 v00000230dd6cc470_0;
    %xor;
    %load/vec4 v00000230dd6cd730_0;
    %xor;
    %store/vec4 v00000230dd6cd370_0, 0, 1;
    %load/vec4 v00000230dd6cd7d0_0;
    %load/vec4 v00000230dd6ccc90_0;
    %or;
    %store/vec4 v00000230dd6cd870_0, 0, 1;
    %load/vec4 v00000230dd6cd690_0;
    %load/vec4 v00000230dd6cc470_0;
    %xor;
    %load/vec4 v00000230dd6cd730_0;
    %and;
    %load/vec4 v00000230dd6cd690_0;
    %load/vec4 v00000230dd6cc470_0;
    %and;
    %or;
    %store/vec4 v00000230dd6cd870_0, 0, 1;
    %jmp T_26;
    .thread T_26, $push;
    .scope S_00000230dd6ce2a0;
T_27 ;
    %wait E_00000230dd65f580;
    %load/vec4 v00000230dd6cd9b0_0;
    %load/vec4 v00000230dd6cd410_0;
    %xor;
    %store/vec4 v00000230dd6cdaf0_0, 0, 1;
    %load/vec4 v00000230dd6cd9b0_0;
    %load/vec4 v00000230dd6cd410_0;
    %and;
    %store/vec4 v00000230dd6cde10_0, 0, 1;
    %jmp T_27;
    .thread T_27, $push;
    .scope S_00000230dd6ced90;
T_28 ;
    %wait E_00000230dd65fcc0;
    %load/vec4 v00000230dd6cc970_0;
    %load/vec4 v00000230dd6cda50_0;
    %xor;
    %store/vec4 v00000230dd6cbf70_0, 0, 1;
    %load/vec4 v00000230dd6cc970_0;
    %load/vec4 v00000230dd6cda50_0;
    %and;
    %store/vec4 v00000230dd6cc650_0, 0, 1;
    %jmp T_28;
    .thread T_28, $push;
    .scope S_00000230dd6cf880;
T_29 ;
    %wait E_00000230dd65f840;
    %load/vec4 v00000230dd6ccd30_0;
    %store/vec4 v00000230dd6cc790_0, 0, 1;
    %load/vec4 v00000230dd6cdb90_0;
    %load/vec4 v00000230dd6cd4b0_0;
    %xor;
    %load/vec4 v00000230dd6cc150_0;
    %xor;
    %store/vec4 v00000230dd6cc790_0, 0, 1;
    %load/vec4 v00000230dd6cc6f0_0;
    %load/vec4 v00000230dd6cc1f0_0;
    %or;
    %store/vec4 v00000230dd6cc330_0, 0, 1;
    %load/vec4 v00000230dd6cdb90_0;
    %load/vec4 v00000230dd6cd4b0_0;
    %xor;
    %load/vec4 v00000230dd6cc150_0;
    %and;
    %load/vec4 v00000230dd6cdb90_0;
    %load/vec4 v00000230dd6cd4b0_0;
    %and;
    %or;
    %store/vec4 v00000230dd6cc330_0, 0, 1;
    %jmp T_29;
    .thread T_29, $push;
    .scope S_00000230dd6c2250;
T_30 ;
    %wait E_00000230dd65eac0;
    %load/vec4 v00000230dd6c10a0_0;
    %load/vec4 v00000230dd6c1820_0;
    %xor;
    %store/vec4 v00000230dd6c13c0_0, 0, 1;
    %load/vec4 v00000230dd6c10a0_0;
    %load/vec4 v00000230dd6c1820_0;
    %and;
    %store/vec4 v00000230dd6c1e60_0, 0, 1;
    %jmp T_30;
    .thread T_30, $push;
    .scope S_00000230dd6c23e0;
T_31 ;
    %wait E_00000230dd65de00;
    %load/vec4 v00000230dd6c1140_0;
    %load/vec4 v00000230dd6c0380_0;
    %xor;
    %store/vec4 v00000230dd6c1a00_0, 0, 1;
    %load/vec4 v00000230dd6c1140_0;
    %load/vec4 v00000230dd6c0380_0;
    %and;
    %store/vec4 v00000230dd6c0a60_0, 0, 1;
    %jmp T_31;
    .thread T_31, $push;
    .scope S_00000230dd6c20c0;
T_32 ;
    %wait E_00000230dd65dd40;
    %load/vec4 v00000230dd6c1d20_0;
    %store/vec4 v00000230dd6c0240_0, 0, 1;
    %load/vec4 v00000230dd6c0420_0;
    %load/vec4 v00000230dd6c01a0_0;
    %xor;
    %load/vec4 v00000230dd6c0e20_0;
    %xor;
    %store/vec4 v00000230dd6c0240_0, 0, 1;
    %load/vec4 v00000230dd6c1f00_0;
    %load/vec4 v00000230dd6c04c0_0;
    %or;
    %store/vec4 v00000230dd6c0740_0, 0, 1;
    %load/vec4 v00000230dd6c0420_0;
    %load/vec4 v00000230dd6c01a0_0;
    %xor;
    %load/vec4 v00000230dd6c0e20_0;
    %and;
    %load/vec4 v00000230dd6c0420_0;
    %load/vec4 v00000230dd6c01a0_0;
    %and;
    %or;
    %store/vec4 v00000230dd6c0740_0, 0, 1;
    %jmp T_32;
    .thread T_32, $push;
    .scope S_00000230dd6c2700;
T_33 ;
    %wait E_00000230dd65e900;
    %load/vec4 v00000230dd6c0560_0;
    %load/vec4 v00000230dd6c0600_0;
    %xor;
    %store/vec4 v00000230dd6c1c80_0, 0, 1;
    %load/vec4 v00000230dd6c0560_0;
    %load/vec4 v00000230dd6c0600_0;
    %and;
    %store/vec4 v00000230dd6c0ba0_0, 0, 1;
    %jmp T_33;
    .thread T_33, $push;
    .scope S_00000230dd6c2890;
T_34 ;
    %wait E_00000230dd65e400;
    %load/vec4 v00000230dd6c0880_0;
    %load/vec4 v00000230dd6c1780_0;
    %xor;
    %store/vec4 v00000230dd6c1dc0_0, 0, 1;
    %load/vec4 v00000230dd6c0880_0;
    %load/vec4 v00000230dd6c1780_0;
    %and;
    %store/vec4 v00000230dd6c1aa0_0, 0, 1;
    %jmp T_34;
    .thread T_34, $push;
    .scope S_00000230dd6c2570;
T_35 ;
    %wait E_00000230dd65dd80;
    %load/vec4 v00000230dd6c1000_0;
    %store/vec4 v00000230dd6c1b40_0, 0, 1;
    %load/vec4 v00000230dd6c18c0_0;
    %load/vec4 v00000230dd6c1280_0;
    %xor;
    %load/vec4 v00000230dd6c07e0_0;
    %xor;
    %store/vec4 v00000230dd6c1b40_0, 0, 1;
    %load/vec4 v00000230dd6c0920_0;
    %load/vec4 v00000230dd6c0d80_0;
    %or;
    %store/vec4 v00000230dd6c1960_0, 0, 1;
    %load/vec4 v00000230dd6c18c0_0;
    %load/vec4 v00000230dd6c1280_0;
    %xor;
    %load/vec4 v00000230dd6c07e0_0;
    %and;
    %load/vec4 v00000230dd6c18c0_0;
    %load/vec4 v00000230dd6c1280_0;
    %and;
    %or;
    %store/vec4 v00000230dd6c1960_0, 0, 1;
    %jmp T_35;
    .thread T_35, $push;
    .scope S_00000230dd6c2bb0;
T_36 ;
    %wait E_00000230dd65e840;
    %load/vec4 v00000230dd6c0c40_0;
    %load/vec4 v00000230dd6c0ce0_0;
    %xor;
    %store/vec4 v00000230dd6c1320_0, 0, 1;
    %load/vec4 v00000230dd6c0c40_0;
    %load/vec4 v00000230dd6c0ce0_0;
    %and;
    %store/vec4 v00000230dd6c0ec0_0, 0, 1;
    %jmp T_36;
    .thread T_36, $push;
    .scope S_00000230dd6c2d40;
T_37 ;
    %wait E_00000230dd65e700;
    %load/vec4 v00000230dd6c1500_0;
    %load/vec4 v00000230dd6c0f60_0;
    %xor;
    %store/vec4 v00000230dd6c15a0_0, 0, 1;
    %load/vec4 v00000230dd6c1500_0;
    %load/vec4 v00000230dd6c0f60_0;
    %and;
    %store/vec4 v00000230dd6c1460_0, 0, 1;
    %jmp T_37;
    .thread T_37, $push;
    .scope S_00000230dd6c2a20;
T_38 ;
    %wait E_00000230dd65e9c0;
    %load/vec4 v00000230dd6acaa0_0;
    %store/vec4 v00000230dd6acb40_0, 0, 1;
    %load/vec4 v00000230dd6ac0a0_0;
    %load/vec4 v00000230dd6ab6a0_0;
    %xor;
    %load/vec4 v00000230dd6ac140_0;
    %xor;
    %store/vec4 v00000230dd6acb40_0, 0, 1;
    %load/vec4 v00000230dd6ab740_0;
    %load/vec4 v00000230dd6ab600_0;
    %or;
    %store/vec4 v00000230dd6ac500_0, 0, 1;
    %load/vec4 v00000230dd6ac0a0_0;
    %load/vec4 v00000230dd6ab6a0_0;
    %xor;
    %load/vec4 v00000230dd6ac140_0;
    %and;
    %load/vec4 v00000230dd6ac0a0_0;
    %load/vec4 v00000230dd6ab6a0_0;
    %and;
    %or;
    %store/vec4 v00000230dd6ac500_0, 0, 1;
    %jmp T_38;
    .thread T_38, $push;
    .scope S_00000230dd6c2f20;
T_39 ;
    %wait E_00000230dd65e280;
    %load/vec4 v00000230dd6ac1e0_0;
    %load/vec4 v00000230dd6ac000_0;
    %xor;
    %store/vec4 v00000230dd6ac6e0_0, 0, 1;
    %load/vec4 v00000230dd6ac1e0_0;
    %load/vec4 v00000230dd6ac000_0;
    %and;
    %store/vec4 v00000230dd6abf60_0, 0, 1;
    %jmp T_39;
    .thread T_39, $push;
    .scope S_00000230dd6c3a10;
T_40 ;
    %wait E_00000230dd65e0c0;
    %load/vec4 v00000230dd6ac3c0_0;
    %load/vec4 v00000230dd6ab7e0_0;
    %xor;
    %store/vec4 v00000230dd6ab240_0, 0, 1;
    %load/vec4 v00000230dd6ac3c0_0;
    %load/vec4 v00000230dd6ab7e0_0;
    %and;
    %store/vec4 v00000230dd6abb00_0, 0, 1;
    %jmp T_40;
    .thread T_40, $push;
    .scope S_00000230dd6c3880;
T_41 ;
    %wait E_00000230dd65e8c0;
    %load/vec4 v00000230dd6ac5a0_0;
    %store/vec4 v00000230dd6acbe0_0, 0, 1;
    %load/vec4 v00000230dd6acf00_0;
    %load/vec4 v00000230dd6abce0_0;
    %xor;
    %load/vec4 v00000230dd6ac8c0_0;
    %xor;
    %store/vec4 v00000230dd6acbe0_0, 0, 1;
    %load/vec4 v00000230dd6ab2e0_0;
    %load/vec4 v00000230dd6ac280_0;
    %or;
    %store/vec4 v00000230dd6abd80_0, 0, 1;
    %load/vec4 v00000230dd6acf00_0;
    %load/vec4 v00000230dd6abce0_0;
    %xor;
    %load/vec4 v00000230dd6ac8c0_0;
    %and;
    %load/vec4 v00000230dd6acf00_0;
    %load/vec4 v00000230dd6abce0_0;
    %and;
    %or;
    %store/vec4 v00000230dd6abd80_0, 0, 1;
    %jmp T_41;
    .thread T_41, $push;
    .scope S_00000230dd6c30b0;
T_42 ;
    %wait E_00000230dd65df80;
    %load/vec4 v00000230dd6ab420_0;
    %load/vec4 v00000230dd6ab060_0;
    %xor;
    %store/vec4 v00000230dd6ab9c0_0, 0, 1;
    %load/vec4 v00000230dd6ab420_0;
    %load/vec4 v00000230dd6ab060_0;
    %and;
    %store/vec4 v00000230dd6ab1a0_0, 0, 1;
    %jmp T_42;
    .thread T_42, $push;
    .scope S_00000230dd6c3d30;
T_43 ;
    %wait E_00000230dd65e800;
    %load/vec4 v00000230dd6ab4c0_0;
    %load/vec4 v00000230dd6ac960_0;
    %xor;
    %store/vec4 v00000230dd6ab560_0, 0, 1;
    %load/vec4 v00000230dd6ab4c0_0;
    %load/vec4 v00000230dd6ac960_0;
    %and;
    %store/vec4 v00000230dd6ac320_0, 0, 1;
    %jmp T_43;
    .thread T_43, $push;
    .scope S_00000230dd6c36f0;
T_44 ;
    %wait E_00000230dd65df40;
    %load/vec4 v00000230dd6ac640_0;
    %store/vec4 v00000230dd6ab880_0, 0, 1;
    %load/vec4 v00000230dd6acc80_0;
    %load/vec4 v00000230dd6acd20_0;
    %xor;
    %load/vec4 v00000230dd6abe20_0;
    %xor;
    %store/vec4 v00000230dd6ab880_0, 0, 1;
    %load/vec4 v00000230dd6ab100_0;
    %load/vec4 v00000230dd6ac460_0;
    %or;
    %store/vec4 v00000230dd6acdc0_0, 0, 1;
    %load/vec4 v00000230dd6acc80_0;
    %load/vec4 v00000230dd6acd20_0;
    %xor;
    %load/vec4 v00000230dd6abe20_0;
    %and;
    %load/vec4 v00000230dd6acc80_0;
    %load/vec4 v00000230dd6acd20_0;
    %and;
    %or;
    %store/vec4 v00000230dd6acdc0_0, 0, 1;
    %jmp T_44;
    .thread T_44, $push;
    .scope S_00000230dd6c3ba0;
T_45 ;
    %wait E_00000230dd65e480;
    %load/vec4 v00000230dd6aba60_0;
    %load/vec4 v00000230dd6ab920_0;
    %xor;
    %store/vec4 v00000230dd6abc40_0, 0, 1;
    %load/vec4 v00000230dd6aba60_0;
    %load/vec4 v00000230dd6ab920_0;
    %and;
    %store/vec4 v00000230dd6abba0_0, 0, 1;
    %jmp T_45;
    .thread T_45, $push;
    .scope S_00000230dd6c3560;
T_46 ;
    %wait E_00000230dd65eb00;
    %load/vec4 v00000230dd6ac780_0;
    %load/vec4 v00000230dd6ac820_0;
    %xor;
    %store/vec4 v00000230dd6c50b0_0, 0, 1;
    %load/vec4 v00000230dd6ac780_0;
    %load/vec4 v00000230dd6ac820_0;
    %and;
    %store/vec4 v00000230dd6abec0_0, 0, 1;
    %jmp T_46;
    .thread T_46, $push;
    .scope S_00000230dd6c3240;
T_47 ;
    %wait E_00000230dd65e100;
    %load/vec4 v00000230dd6c56f0_0;
    %store/vec4 v00000230dd6c4cf0_0, 0, 1;
    %load/vec4 v00000230dd6c41b0_0;
    %load/vec4 v00000230dd6c5510_0;
    %xor;
    %load/vec4 v00000230dd6c3f30_0;
    %xor;
    %store/vec4 v00000230dd6c4cf0_0, 0, 1;
    %load/vec4 v00000230dd6c4890_0;
    %load/vec4 v00000230dd6c5650_0;
    %or;
    %store/vec4 v00000230dd6c4430_0, 0, 1;
    %load/vec4 v00000230dd6c41b0_0;
    %load/vec4 v00000230dd6c5510_0;
    %xor;
    %load/vec4 v00000230dd6c3f30_0;
    %and;
    %load/vec4 v00000230dd6c41b0_0;
    %load/vec4 v00000230dd6c5510_0;
    %and;
    %or;
    %store/vec4 v00000230dd6c4430_0, 0, 1;
    %jmp T_47;
    .thread T_47, $push;
    .scope S_00000230dd661fd0;
T_48 ;
    %vpi_call 2 134 "$display", "Addition" {0 0 0};
    %pushi/vec4 0, 0, 1;
    %store/vec4 v00000230dd6d5390_0, 0, 1;
    %pushi/vec4 4, 0, 16;
    %store/vec4 v00000230dd6d4e90_0, 0, 16;
    %pushi/vec4 2, 0, 16;
    %store/vec4 v00000230dd6d5930_0, 0, 16;
    %delay 100, 0;
    %vpi_call 2 139 "$write", "mode=%b;", v00000230dd6d5390_0 {0 0 0};
    %vpi_call 2 140 "$write", "%b+%b=[%b][%b];", v00000230dd6d4e90_0, v00000230dd6d5930_0, v00000230dd6d47b0_0, v00000230dd6d4b70_0 {0 0 0};
    %vpi_call 2 141 "$write", "%d+%d=[%d][%d];", v00000230dd6d4e90_0, v00000230dd6d5930_0, v00000230dd6d47b0_0, v00000230dd6d4b70_0 {0 0 0};
    %vpi_call 2 142 "$display", "err=%b", v00000230dd6d5b10_0 {0 0 0};
    %end;
    .thread T_48;
# The file index is used to find the file name in the following table.
:file_names 3;
    "N/A";
    "<interactive>";
    ".\ZerothGate_Part2.v";
