#! /c/Source/iverilog-install/bin/vvp
:ivl_version "12.0 (devel)" "(s20150603-1110-g18392a46)";
:ivl_delay_selection "TYPICAL";
:vpi_time_precision + 0;
:vpi_module "C:\iverilog\lib\ivl\system.vpi";
:vpi_module "C:\iverilog\lib\ivl\vhdl_sys.vpi";
:vpi_module "C:\iverilog\lib\ivl\vhdl_textio.vpi";
:vpi_module "C:\iverilog\lib\ivl\v2005_math.vpi";
:vpi_module "C:\iverilog\lib\ivl\va_math.vpi";
S_0000020ea38acf00 .scope module, "testbench" "testbench" 2 31;
 .timescale 0 0;
v0000020ea3916d20_0 .var "a", 0 0;
v0000020ea3916e60_0 .var "b", 0 0;
v0000020ea3916c80_0 .var "c", 0 0;
v0000020ea3916dc0_0 .var "d", 0 0;
v0000020ea3916f00_0 .net "f0", 0 0, v0000020ea38c10d0_0;  1 drivers
v0000020ea3916fa0_0 .net "f1", 0 0, v0000020ea3866f00_0;  1 drivers
v0000020ea3916960_0 .net "f2", 0 0, v0000020ea38c1170_0;  1 drivers
v0000020ea3916a00_0 .net "f3", 0 0, v0000020ea38c1210_0;  1 drivers
v0000020ea3916aa0_0 .net "f4", 0 0, v0000020ea38c12b0_0;  1 drivers
v0000020ea39195a0_0 .var "i", 4 0;
S_0000020ea38c0f40 .scope module, "zap" "Breadboard" 2 47, 2 2 0, S_0000020ea38acf00;
 .timescale 0 0;
    .port_info 0 /INPUT 1 "w";
    .port_info 1 /INPUT 1 "x";
    .port_info 2 /INPUT 1 "y";
    .port_info 3 /INPUT 1 "z";
    .port_info 4 /OUTPUT 1 "r0";
    .port_info 5 /OUTPUT 1 "r1";
    .port_info 6 /OUTPUT 1 "r2";
    .port_info 7 /OUTPUT 1 "r3";
    .port_info 8 /OUTPUT 1 "r4";
v0000020ea38c10d0_0 .var "r0", 0 0;
v0000020ea3866f00_0 .var "r1", 0 0;
v0000020ea38c1170_0 .var "r2", 0 0;
v0000020ea38c1210_0 .var "r3", 0 0;
v0000020ea38c12b0_0 .var "r4", 0 0;
v0000020ea38c1350_0 .net "w", 0 0, v0000020ea3916d20_0;  1 drivers
v0000020ea39168c0_0 .net "x", 0 0, v0000020ea3916e60_0;  1 drivers
v0000020ea3916b40_0 .net "y", 0 0, v0000020ea3916c80_0;  1 drivers
v0000020ea3916be0_0 .net "z", 0 0, v0000020ea3916dc0_0;  1 drivers
E_0000020ea38ae3a0/0 .event anyedge, v0000020ea38c12b0_0, v0000020ea38c1210_0, v0000020ea38c1170_0, v0000020ea3866f00_0;
E_0000020ea38ae3a0/1 .event anyedge, v0000020ea38c10d0_0, v0000020ea3916be0_0, v0000020ea3916b40_0, v0000020ea39168c0_0;
E_0000020ea38ae3a0/2 .event anyedge, v0000020ea38c1350_0;
E_0000020ea38ae3a0 .event/or E_0000020ea38ae3a0/0, E_0000020ea38ae3a0/1, E_0000020ea38ae3a0/2;
    .scope S_0000020ea38c0f40;
T_0 ;
    %wait E_0000020ea38ae3a0;
    %load/vec4 v0000020ea38c1350_0;
    %inv;
    %load/vec4 v0000020ea39168c0_0;
    %inv;
    %and;
    %load/vec4 v0000020ea3916b40_0;
    %inv;
    %and;
    %load/vec4 v0000020ea3916be0_0;
    %and;
    %load/vec4 v0000020ea38c1350_0;
    %inv;
    %load/vec4 v0000020ea39168c0_0;
    %and;
    %load/vec4 v0000020ea3916b40_0;
    %inv;
    %and;
    %load/vec4 v0000020ea3916be0_0;
    %and;
    %or;
    %load/vec4 v0000020ea38c1350_0;
    %inv;
    %load/vec4 v0000020ea39168c0_0;
    %and;
    %load/vec4 v0000020ea3916b40_0;
    %and;
    %load/vec4 v0000020ea3916be0_0;
    %inv;
    %and;
    %or;
    %load/vec4 v0000020ea38c1350_0;
    %load/vec4 v0000020ea39168c0_0;
    %inv;
    %and;
    %load/vec4 v0000020ea3916b40_0;
    %inv;
    %and;
    %load/vec4 v0000020ea3916be0_0;
    %inv;
    %and;
    %or;
    %load/vec4 v0000020ea38c1350_0;
    %load/vec4 v0000020ea39168c0_0;
    %inv;
    %and;
    %load/vec4 v0000020ea3916b40_0;
    %inv;
    %and;
    %load/vec4 v0000020ea3916be0_0;
    %and;
    %or;
    %load/vec4 v0000020ea38c1350_0;
    %load/vec4 v0000020ea39168c0_0;
    %inv;
    %and;
    %load/vec4 v0000020ea3916b40_0;
    %and;
    %load/vec4 v0000020ea3916be0_0;
    %inv;
    %and;
    %or;
    %load/vec4 v0000020ea38c1350_0;
    %load/vec4 v0000020ea39168c0_0;
    %inv;
    %and;
    %load/vec4 v0000020ea3916b40_0;
    %and;
    %load/vec4 v0000020ea3916be0_0;
    %and;
    %or;
    %load/vec4 v0000020ea38c1350_0;
    %load/vec4 v0000020ea39168c0_0;
    %and;
    %load/vec4 v0000020ea3916b40_0;
    %inv;
    %and;
    %load/vec4 v0000020ea3916be0_0;
    %and;
    %or;
    %load/vec4 v0000020ea38c1350_0;
    %load/vec4 v0000020ea39168c0_0;
    %and;
    %load/vec4 v0000020ea3916b40_0;
    %and;
    %load/vec4 v0000020ea3916be0_0;
    %inv;
    %and;
    %or;
    %store/vec4 v0000020ea38c10d0_0, 0, 1;
    %load/vec4 v0000020ea38c1350_0;
    %inv;
    %load/vec4 v0000020ea39168c0_0;
    %inv;
    %and;
    %load/vec4 v0000020ea3916b40_0;
    %and;
    %load/vec4 v0000020ea3916be0_0;
    %and;
    %load/vec4 v0000020ea38c1350_0;
    %inv;
    %load/vec4 v0000020ea39168c0_0;
    %and;
    %load/vec4 v0000020ea3916b40_0;
    %inv;
    %and;
    %load/vec4 v0000020ea3916be0_0;
    %inv;
    %and;
    %or;
    %load/vec4 v0000020ea38c1350_0;
    %inv;
    %load/vec4 v0000020ea39168c0_0;
    %and;
    %load/vec4 v0000020ea3916b40_0;
    %and;
    %load/vec4 v0000020ea3916be0_0;
    %inv;
    %and;
    %or;
    %load/vec4 v0000020ea38c1350_0;
    %inv;
    %load/vec4 v0000020ea39168c0_0;
    %and;
    %load/vec4 v0000020ea3916b40_0;
    %and;
    %load/vec4 v0000020ea3916be0_0;
    %and;
    %or;
    %load/vec4 v0000020ea38c1350_0;
    %load/vec4 v0000020ea39168c0_0;
    %inv;
    %and;
    %load/vec4 v0000020ea3916b40_0;
    %and;
    %load/vec4 v0000020ea3916be0_0;
    %and;
    %or;
    %load/vec4 v0000020ea38c1350_0;
    %load/vec4 v0000020ea39168c0_0;
    %and;
    %load/vec4 v0000020ea3916b40_0;
    %inv;
    %and;
    %load/vec4 v0000020ea3916be0_0;
    %inv;
    %and;
    %or;
    %load/vec4 v0000020ea38c1350_0;
    %load/vec4 v0000020ea39168c0_0;
    %and;
    %load/vec4 v0000020ea3916b40_0;
    %inv;
    %and;
    %load/vec4 v0000020ea3916be0_0;
    %and;
    %or;
    %load/vec4 v0000020ea38c1350_0;
    %load/vec4 v0000020ea39168c0_0;
    %and;
    %load/vec4 v0000020ea3916b40_0;
    %and;
    %load/vec4 v0000020ea3916be0_0;
    %inv;
    %and;
    %or;
    %load/vec4 v0000020ea38c1350_0;
    %load/vec4 v0000020ea39168c0_0;
    %and;
    %load/vec4 v0000020ea3916b40_0;
    %and;
    %load/vec4 v0000020ea3916be0_0;
    %and;
    %or;
    %store/vec4 v0000020ea3866f00_0, 0, 1;
    %load/vec4 v0000020ea38c1350_0;
    %inv;
    %load/vec4 v0000020ea39168c0_0;
    %inv;
    %and;
    %load/vec4 v0000020ea3916b40_0;
    %inv;
    %and;
    %load/vec4 v0000020ea3916be0_0;
    %inv;
    %and;
    %load/vec4 v0000020ea38c1350_0;
    %inv;
    %load/vec4 v0000020ea39168c0_0;
    %inv;
    %and;
    %load/vec4 v0000020ea3916b40_0;
    %and;
    %load/vec4 v0000020ea3916be0_0;
    %and;
    %or;
    %load/vec4 v0000020ea38c1350_0;
    %inv;
    %load/vec4 v0000020ea39168c0_0;
    %and;
    %load/vec4 v0000020ea3916b40_0;
    %inv;
    %and;
    %load/vec4 v0000020ea3916be0_0;
    %inv;
    %and;
    %or;
    %load/vec4 v0000020ea38c1350_0;
    %inv;
    %load/vec4 v0000020ea39168c0_0;
    %and;
    %load/vec4 v0000020ea3916b40_0;
    %inv;
    %and;
    %load/vec4 v0000020ea3916be0_0;
    %and;
    %or;
    %load/vec4 v0000020ea38c1350_0;
    %inv;
    %load/vec4 v0000020ea39168c0_0;
    %and;
    %load/vec4 v0000020ea3916b40_0;
    %and;
    %load/vec4 v0000020ea3916be0_0;
    %and;
    %or;
    %load/vec4 v0000020ea38c1350_0;
    %load/vec4 v0000020ea39168c0_0;
    %inv;
    %and;
    %load/vec4 v0000020ea3916b40_0;
    %inv;
    %and;
    %load/vec4 v0000020ea3916be0_0;
    %and;
    %or;
    %load/vec4 v0000020ea38c1350_0;
    %load/vec4 v0000020ea39168c0_0;
    %inv;
    %and;
    %load/vec4 v0000020ea3916b40_0;
    %and;
    %load/vec4 v0000020ea3916be0_0;
    %inv;
    %and;
    %or;
    %load/vec4 v0000020ea38c1350_0;
    %load/vec4 v0000020ea39168c0_0;
    %inv;
    %and;
    %load/vec4 v0000020ea3916b40_0;
    %and;
    %load/vec4 v0000020ea3916be0_0;
    %and;
    %or;
    %load/vec4 v0000020ea38c1350_0;
    %load/vec4 v0000020ea39168c0_0;
    %and;
    %load/vec4 v0000020ea3916b40_0;
    %inv;
    %and;
    %load/vec4 v0000020ea3916be0_0;
    %inv;
    %and;
    %or;
    %load/vec4 v0000020ea38c1350_0;
    %load/vec4 v0000020ea39168c0_0;
    %and;
    %load/vec4 v0000020ea3916b40_0;
    %and;
    %load/vec4 v0000020ea3916be0_0;
    %and;
    %or;
    %store/vec4 v0000020ea38c1170_0, 0, 1;
    %load/vec4 v0000020ea38c1350_0;
    %inv;
    %load/vec4 v0000020ea39168c0_0;
    %inv;
    %and;
    %load/vec4 v0000020ea3916b40_0;
    %inv;
    %and;
    %load/vec4 v0000020ea3916be0_0;
    %inv;
    %and;
    %load/vec4 v0000020ea38c1350_0;
    %inv;
    %load/vec4 v0000020ea39168c0_0;
    %inv;
    %and;
    %load/vec4 v0000020ea3916b40_0;
    %and;
    %load/vec4 v0000020ea3916be0_0;
    %and;
    %or;
    %load/vec4 v0000020ea38c1350_0;
    %inv;
    %load/vec4 v0000020ea39168c0_0;
    %and;
    %load/vec4 v0000020ea3916b40_0;
    %inv;
    %and;
    %load/vec4 v0000020ea3916be0_0;
    %inv;
    %and;
    %or;
    %load/vec4 v0000020ea38c1350_0;
    %inv;
    %load/vec4 v0000020ea39168c0_0;
    %and;
    %load/vec4 v0000020ea3916b40_0;
    %inv;
    %and;
    %load/vec4 v0000020ea3916be0_0;
    %and;
    %or;
    %load/vec4 v0000020ea38c1350_0;
    %inv;
    %load/vec4 v0000020ea39168c0_0;
    %and;
    %load/vec4 v0000020ea3916b40_0;
    %and;
    %load/vec4 v0000020ea3916be0_0;
    %and;
    %or;
    %load/vec4 v0000020ea38c1350_0;
    %load/vec4 v0000020ea39168c0_0;
    %inv;
    %and;
    %load/vec4 v0000020ea3916b40_0;
    %inv;
    %and;
    %load/vec4 v0000020ea3916be0_0;
    %and;
    %or;
    %load/vec4 v0000020ea38c1350_0;
    %load/vec4 v0000020ea39168c0_0;
    %inv;
    %and;
    %load/vec4 v0000020ea3916b40_0;
    %and;
    %load/vec4 v0000020ea3916be0_0;
    %inv;
    %and;
    %or;
    %load/vec4 v0000020ea38c1350_0;
    %load/vec4 v0000020ea39168c0_0;
    %inv;
    %and;
    %load/vec4 v0000020ea3916b40_0;
    %and;
    %load/vec4 v0000020ea3916be0_0;
    %and;
    %or;
    %load/vec4 v0000020ea38c1350_0;
    %load/vec4 v0000020ea39168c0_0;
    %and;
    %load/vec4 v0000020ea3916b40_0;
    %inv;
    %and;
    %load/vec4 v0000020ea3916be0_0;
    %inv;
    %and;
    %or;
    %load/vec4 v0000020ea38c1350_0;
    %load/vec4 v0000020ea39168c0_0;
    %and;
    %load/vec4 v0000020ea3916b40_0;
    %and;
    %load/vec4 v0000020ea3916be0_0;
    %and;
    %or;
    %store/vec4 v0000020ea38c1210_0, 0, 1;
    %load/vec4 v0000020ea38c1350_0;
    %inv;
    %load/vec4 v0000020ea39168c0_0;
    %inv;
    %and;
    %load/vec4 v0000020ea3916b40_0;
    %inv;
    %and;
    %load/vec4 v0000020ea3916be0_0;
    %inv;
    %and;
    %load/vec4 v0000020ea38c1350_0;
    %inv;
    %load/vec4 v0000020ea39168c0_0;
    %inv;
    %and;
    %load/vec4 v0000020ea3916b40_0;
    %and;
    %load/vec4 v0000020ea3916be0_0;
    %and;
    %or;
    %load/vec4 v0000020ea38c1350_0;
    %inv;
    %load/vec4 v0000020ea39168c0_0;
    %and;
    %load/vec4 v0000020ea3916b40_0;
    %inv;
    %and;
    %load/vec4 v0000020ea3916be0_0;
    %inv;
    %and;
    %or;
    %load/vec4 v0000020ea38c1350_0;
    %inv;
    %load/vec4 v0000020ea39168c0_0;
    %and;
    %load/vec4 v0000020ea3916b40_0;
    %inv;
    %and;
    %load/vec4 v0000020ea3916be0_0;
    %and;
    %or;
    %load/vec4 v0000020ea38c1350_0;
    %inv;
    %load/vec4 v0000020ea39168c0_0;
    %and;
    %load/vec4 v0000020ea3916b40_0;
    %and;
    %load/vec4 v0000020ea3916be0_0;
    %and;
    %or;
    %load/vec4 v0000020ea38c1350_0;
    %load/vec4 v0000020ea39168c0_0;
    %inv;
    %and;
    %load/vec4 v0000020ea3916b40_0;
    %inv;
    %and;
    %load/vec4 v0000020ea3916be0_0;
    %and;
    %or;
    %load/vec4 v0000020ea38c1350_0;
    %load/vec4 v0000020ea39168c0_0;
    %inv;
    %and;
    %load/vec4 v0000020ea3916b40_0;
    %and;
    %load/vec4 v0000020ea3916be0_0;
    %inv;
    %and;
    %or;
    %load/vec4 v0000020ea38c1350_0;
    %load/vec4 v0000020ea39168c0_0;
    %inv;
    %and;
    %load/vec4 v0000020ea3916b40_0;
    %and;
    %load/vec4 v0000020ea3916be0_0;
    %and;
    %or;
    %load/vec4 v0000020ea38c1350_0;
    %load/vec4 v0000020ea39168c0_0;
    %and;
    %load/vec4 v0000020ea3916b40_0;
    %inv;
    %and;
    %load/vec4 v0000020ea3916be0_0;
    %inv;
    %and;
    %or;
    %load/vec4 v0000020ea38c1350_0;
    %load/vec4 v0000020ea39168c0_0;
    %and;
    %load/vec4 v0000020ea3916b40_0;
    %and;
    %load/vec4 v0000020ea3916be0_0;
    %and;
    %or;
    %store/vec4 v0000020ea38c12b0_0, 0, 1;
    %jmp T_0;
    .thread T_0, $push;
    .scope S_0000020ea38acf00;
T_1 ;
    %vpi_call 2 56 "$display", "|##|A|B|C|D|F0|F1|F2|F3|F4|" {0 0 0};
    %vpi_call 2 57 "$display", "|==+=+=+=+=+==+==+==+==+==|" {0 0 0};
    %pushi/vec4 0, 0, 5;
    %store/vec4 v0000020ea39195a0_0, 0, 5;
T_1.0 ;
    %load/vec4 v0000020ea39195a0_0;
    %pad/u 32;
    %cmpi/u 16, 0, 32;
    %jmp/0xz T_1.1, 5;
    %load/vec4 v0000020ea39195a0_0;
    %pad/u 32;
    %pushi/vec4 8, 0, 32;
    %div;
    %pushi/vec4 2, 0, 32;
    %mod;
    %pad/u 1;
    %store/vec4 v0000020ea3916d20_0, 0, 1;
    %load/vec4 v0000020ea39195a0_0;
    %pad/u 32;
    %pushi/vec4 4, 0, 32;
    %div;
    %pushi/vec4 2, 0, 32;
    %mod;
    %pad/u 1;
    %store/vec4 v0000020ea3916e60_0, 0, 1;
    %load/vec4 v0000020ea39195a0_0;
    %pad/u 32;
    %pushi/vec4 2, 0, 32;
    %div;
    %pushi/vec4 2, 0, 32;
    %mod;
    %pad/u 1;
    %store/vec4 v0000020ea3916c80_0, 0, 1;
    %load/vec4 v0000020ea39195a0_0;
    %pad/u 32;
    %pushi/vec4 1, 0, 32;
    %div;
    %pushi/vec4 2, 0, 32;
    %mod;
    %pad/u 1;
    %store/vec4 v0000020ea3916dc0_0, 0, 1;
    %delay 60, 0;
    %vpi_call 2 70 "$display", "|%2d|%1d|%1d|%1d|%1d| %1d| %1d| %1d| %1d| %1d|", v0000020ea39195a0_0, v0000020ea3916d20_0, v0000020ea3916e60_0, v0000020ea3916c80_0, v0000020ea3916dc0_0, v0000020ea3916f00_0, v0000020ea3916fa0_0, v0000020ea3916960_0, v0000020ea3916a00_0, v0000020ea3916aa0_0 {0 0 0};
    %load/vec4 v0000020ea39195a0_0;
    %pad/u 32;
    %pushi/vec4 4, 0, 32;
    %mod;
    %cmpi/e 3, 0, 32;
    %jmp/0xz  T_1.2, 4;
    %vpi_call 2 72 "$write", "|--+-+-+-+-+--+--+--+--+--|\012" {0 0 0};
T_1.2 ;
    %load/vec4 v0000020ea39195a0_0;
    %addi 1, 0, 5;
    %store/vec4 v0000020ea39195a0_0, 0, 5;
    %jmp T_1.0;
T_1.1 ;
    %delay 10, 0;
    %vpi_call 2 77 "$finish" {0 0 0};
    %end;
    .thread T_1;
# The file index is used to find the file name in the following table.
:file_names 3;
    "N/A";
    "<interactive>";
    "BrokenEasy.v";
